[12/15/22, 21:02:56:886] info: 
╔═════════════════════════════════════════════════════╗
║      Slack 4.25.0, linux 6.0.12-arch1-1 on x64      ║
╚═════════════════════════════════════════════════════╝ 
[12/15/22, 21:02:56:886] info: Configured logger via 
{
  "enableConsoleTransport": true,
  "identifierOverride": "webapp-auth-console",
  "shouldUseNewBackend": false,
  "loggerInstanceCount": 4
}
[12/15/22, 21:02:56:886] info: Predefined values for process 
{
  "NODE_ENV": "production",
  "platform": "linux",
  "type": "browser",
  "timeZone": "America/Edmonton",
  "PACKAGE_MANIFEST.productName": "Slack",
  "PACKAGE_MANIFEST.version": "4.25.0",
  "PACKAGE_MANIFEST.commit": "ab8bc3b",
  "PACKAGE_MANIFEST.branch": "HEAD"
}
[12/15/22, 21:05:15:160] info: 
╔═════════════════════════════════════════════════════╗
║      Slack 4.25.0, linux 6.0.12-arch1-1 on x64      ║
╚═════════════════════════════════════════════════════╝ 
[12/15/22, 21:05:15:160] info: Configured logger via 
{
  "enableConsoleTransport": true,
  "identifierOverride": "webapp-auth-console",
  "shouldUseNewBackend": false,
  "loggerInstanceCount": 5
}
[12/15/22, 21:05:15:160] info: Predefined values for process 
{
  "NODE_ENV": "production",
  "platform": "linux",
  "type": "browser",
  "timeZone": "America/Edmonton",
  "PACKAGE_MANIFEST.productName": "Slack",
  "PACKAGE_MANIFEST.version": "4.25.0",
  "PACKAGE_MANIFEST.commit": "ab8bc3b",
  "PACKAGE_MANIFEST.branch": "HEAD"
}
