[38773:0901/140504.681432:WARNING:bluez_dbus_manager.cc(247)] Floss manager not present, cannot set Floss enable/disable.
[38773:0901/140504.722209:ERROR:browser_main_loop.cc(270)] Gtk: gtk_widget_add_accelerator: assertion 'GTK_IS_ACCEL_GROUP (accel_group)' failed
[38773:0901/140504.724405:ERROR:browser_main_loop.cc(270)] Gtk: gtk_widget_add_accelerator: assertion 'GTK_IS_ACCEL_GROUP (accel_group)' failed
[38773:0901/140504.739682:ERROR:browser_main_loop.cc(270)] Gtk: gtk_widget_add_accelerator: assertion 'GTK_IS_ACCEL_GROUP (accel_group)' failed
[39072:0901/140623.352837:WARNING:bluez_dbus_manager.cc(247)] Floss manager not present, cannot set Floss enable/disable.
[39072:0901/140623.382179:ERROR:browser_main_loop.cc(270)] Gtk: gtk_widget_add_accelerator: assertion 'GTK_IS_ACCEL_GROUP (accel_group)' failed
[39072:0901/140623.383743:ERROR:browser_main_loop.cc(270)] Gtk: gtk_widget_add_accelerator: assertion 'GTK_IS_ACCEL_GROUP (accel_group)' failed
[39072:0901/140718.202525:ERROR:browser_main_loop.cc(270)] Gtk: gtk_widget_add_accelerator: assertion 'GTK_IS_ACCEL_GROUP (accel_group)' failed
[39072:0901/140718.203169:ERROR:browser_main_loop.cc(270)] Gtk: gtk_widget_add_accelerator: assertion 'GTK_IS_ACCEL_GROUP (accel_group)' failed
[39072:0901/140720.042662:ERROR:browser_main_loop.cc(270)] Gtk: gtk_widget_add_accelerator: assertion 'GTK_IS_ACCEL_GROUP (accel_group)' failed
[39072:0901/140720.043159:ERROR:browser_main_loop.cc(270)] Gtk: gtk_widget_add_accelerator: assertion 'GTK_IS_ACCEL_GROUP (accel_group)' failed
[39072:0901/140721.345725:ERROR:browser_main_loop.cc(270)] Gtk: gtk_widget_add_accelerator: assertion 'GTK_IS_ACCEL_GROUP (accel_group)' failed
[39072:0901/140721.351870:ERROR:browser_main_loop.cc(270)] Gtk: gtk_widget_add_accelerator: assertion 'GTK_IS_ACCEL_GROUP (accel_group)' failed
[39072:0901/140723.550459:ERROR:browser_main_loop.cc(270)] Gtk: gtk_widget_add_accelerator: assertion 'GTK_IS_ACCEL_GROUP (accel_group)' failed
[39072:0901/140723.550794:ERROR:browser_main_loop.cc(270)] Gtk: gtk_widget_add_accelerator: assertion 'GTK_IS_ACCEL_GROUP (accel_group)' failed
[39072:0901/140756.603893:ERROR:libnotify_notification.cc(49)] notify_notification_show: domain=1569 code=2 message="GDBus.Error:org.freedesktop.DBus.Error.ServiceUnknown: The name org.freedesktop.Notifications was not provided by any .service files"
[39072:0901/140757.219634:ERROR:libnotify_notification.cc(49)] notify_notification_show: domain=1569 code=2 message="GDBus.Error:org.freedesktop.DBus.Error.ServiceUnknown: The name org.freedesktop.Notifications was not provided by any .service files"
[39072:0901/140807.314956:ERROR:libnotify_notification.cc(49)] notify_notification_show: domain=1569 code=2 message="GDBus.Error:org.freedesktop.DBus.Error.ServiceUnknown: The name org.freedesktop.Notifications was not provided by any .service files"
[39072:0901/140826.848697:ERROR:libnotify_notification.cc(49)] notify_notification_show: domain=1569 code=2 message="GDBus.Error:org.freedesktop.DBus.Error.ServiceUnknown: The name org.freedesktop.Notifications was not provided by any .service files"
[39072:0901/140835.109567:ERROR:libnotify_notification.cc(49)] notify_notification_show: domain=1569 code=2 message="GDBus.Error:org.freedesktop.DBus.Error.ServiceUnknown: The name org.freedesktop.Notifications was not provided by any .service files"
[39072:0901/140938.081500:ERROR:libnotify_notification.cc(49)] notify_notification_show: domain=1569 code=2 message="GDBus.Error:org.freedesktop.DBus.Error.ServiceUnknown: The name org.freedesktop.Notifications was not provided by any .service files"
[39072:0901/140939.446114:ERROR:libnotify_notification.cc(49)] notify_notification_show: domain=1569 code=2 message="GDBus.Error:org.freedesktop.DBus.Error.ServiceUnknown: The name org.freedesktop.Notifications was not provided by any .service files"
[39072:0901/141743.914214:ERROR:libnotify_notification.cc(49)] notify_notification_show: domain=1569 code=2 message="GDBus.Error:org.freedesktop.DBus.Error.ServiceUnknown: The name org.freedesktop.Notifications was not provided by any .service files"
[39072:0901/145423.970317:ERROR:libnotify_notification.cc(49)] notify_notification_show: domain=1569 code=2 message="GDBus.Error:org.freedesktop.DBus.Error.ServiceUnknown: The name org.freedesktop.Notifications was not provided by any .service files"
[39072:0901/145444.905725:ERROR:libnotify_notification.cc(49)] notify_notification_show: domain=1569 code=2 message="GDBus.Error:org.freedesktop.DBus.Error.ServiceUnknown: The name org.freedesktop.Notifications was not provided by any .service files"
[230833:0904/132355.336972:WARNING:bluez_dbus_manager.cc(247)] Floss manager not present, cannot set Floss enable/disable.
[230833:0904/132355.366554:ERROR:browser_main_loop.cc(270)] Gtk: gtk_widget_add_accelerator: assertion 'GTK_IS_ACCEL_GROUP (accel_group)' failed
[230833:0904/132355.366934:ERROR:browser_main_loop.cc(270)] Gtk: gtk_widget_add_accelerator: assertion 'GTK_IS_ACCEL_GROUP (accel_group)' failed
[230833:0904/132355.368512:ERROR:browser_main_loop.cc(270)] Gtk: gtk_widget_add_accelerator: assertion 'GTK_IS_ACCEL_GROUP (accel_group)' failed
[230833:0904/132355.368806:ERROR:browser_main_loop.cc(270)] Gtk: gtk_widget_add_accelerator: assertion 'GTK_IS_ACCEL_GROUP (accel_group)' failed
[230833:0904/132408.717399:ERROR:browser_main_loop.cc(270)] Gtk: gtk_widget_add_accelerator: assertion 'GTK_IS_ACCEL_GROUP (accel_group)' failed
[230833:0904/132408.872305:ERROR:browser_main_loop.cc(270)] Gtk: gtk_widget_add_accelerator: assertion 'GTK_IS_ACCEL_GROUP (accel_group)' failed
[230833:0904/132408.872701:ERROR:browser_main_loop.cc(270)] Gtk: gtk_widget_add_accelerator: assertion 'GTK_IS_ACCEL_GROUP (accel_group)' failed
[230833:0904/132410.834587:ERROR:browser_main_loop.cc(270)] Gtk: gtk_widget_add_accelerator: assertion 'GTK_IS_ACCEL_GROUP (accel_group)' failed
[230833:0904/132410.834972:ERROR:browser_main_loop.cc(270)] Gtk: gtk_widget_add_accelerator: assertion 'GTK_IS_ACCEL_GROUP (accel_group)' failed
[230833:0904/132411.889779:ERROR:browser_main_loop.cc(270)] Gtk: gtk_widget_add_accelerator: assertion 'GTK_IS_ACCEL_GROUP (accel_group)' failed
[230833:0904/132411.890261:ERROR:browser_main_loop.cc(270)] Gtk: gtk_widget_add_accelerator: assertion 'GTK_IS_ACCEL_GROUP (accel_group)' failed
[230833:0904/132413.011544:ERROR:browser_main_loop.cc(270)] Gtk: gtk_widget_add_accelerator: assertion 'GTK_IS_ACCEL_GROUP (accel_group)' failed
[230833:0904/132413.011852:ERROR:browser_main_loop.cc(270)] Gtk: gtk_widget_add_accelerator: assertion 'GTK_IS_ACCEL_GROUP (accel_group)' failed
[230873:0904/132751.780321:WARNING:spdy_session.cc(3502)] Received HEADERS for invalid stream 5
[230833:0904/133350.288019:ERROR:libnotify_notification.cc(49)] notify_notification_show: domain=1569 code=2 message="GDBus.Error:org.freedesktop.DBus.Error.ServiceUnknown: The name org.freedesktop.Notifications was not provided by any .service files"
[559207:0905/003345.607309:WARNING:bluez_dbus_manager.cc(247)] Floss manager not present, cannot set Floss enable/disable.
[559207:0905/003345.637037:ERROR:browser_main_loop.cc(270)] Gtk: gtk_widget_add_accelerator: assertion 'GTK_IS_ACCEL_GROUP (accel_group)' failed
[559207:0905/003345.637414:ERROR:browser_main_loop.cc(270)] Gtk: gtk_widget_add_accelerator: assertion 'GTK_IS_ACCEL_GROUP (accel_group)' failed
[559207:0905/003345.638937:ERROR:browser_main_loop.cc(270)] Gtk: gtk_widget_add_accelerator: assertion 'GTK_IS_ACCEL_GROUP (accel_group)' failed
[559207:0905/003345.639203:ERROR:browser_main_loop.cc(270)] Gtk: gtk_widget_add_accelerator: assertion 'GTK_IS_ACCEL_GROUP (accel_group)' failed
[559207:0905/003347.996594:ERROR:browser_main_loop.cc(270)] Gtk: gtk_widget_add_accelerator: assertion 'GTK_IS_ACCEL_GROUP (accel_group)' failed
[559207:0905/003348.048159:ERROR:browser_main_loop.cc(270)] Gtk: gtk_widget_add_accelerator: assertion 'GTK_IS_ACCEL_GROUP (accel_group)' failed
[559207:0905/003348.048490:ERROR:browser_main_loop.cc(270)] Gtk: gtk_widget_add_accelerator: assertion 'GTK_IS_ACCEL_GROUP (accel_group)' failed
[559207:0905/003349.535431:ERROR:browser_main_loop.cc(270)] Gtk: gtk_widget_add_accelerator: assertion 'GTK_IS_ACCEL_GROUP (accel_group)' failed
[559207:0905/003349.535813:ERROR:browser_main_loop.cc(270)] Gtk: gtk_widget_add_accelerator: assertion 'GTK_IS_ACCEL_GROUP (accel_group)' failed
[559207:0905/003349.834443:ERROR:browser_main_loop.cc(270)] Gtk: gtk_widget_add_accelerator: assertion 'GTK_IS_ACCEL_GROUP (accel_group)' failed
[559207:0905/003349.835011:ERROR:browser_main_loop.cc(270)] Gtk: gtk_widget_add_accelerator: assertion 'GTK_IS_ACCEL_GROUP (accel_group)' failed
[559207:0905/003350.327753:ERROR:browser_main_loop.cc(270)] Gtk: gtk_widget_add_accelerator: assertion 'GTK_IS_ACCEL_GROUP (accel_group)' failed
[559207:0905/003350.328087:ERROR:browser_main_loop.cc(270)] Gtk: gtk_widget_add_accelerator: assertion 'GTK_IS_ACCEL_GROUP (accel_group)' failed
[98222:0905/091755.720224:WARNING:bluez_dbus_manager.cc(247)] Floss manager not present, cannot set Floss enable/disable.
[98222:0905/091755.750151:ERROR:browser_main_loop.cc(270)] Gtk: gtk_widget_add_accelerator: assertion 'GTK_IS_ACCEL_GROUP (accel_group)' failed
[98222:0905/091755.750544:ERROR:browser_main_loop.cc(270)] Gtk: gtk_widget_add_accelerator: assertion 'GTK_IS_ACCEL_GROUP (accel_group)' failed
[98222:0905/091755.751885:ERROR:browser_main_loop.cc(270)] Gtk: gtk_widget_add_accelerator: assertion 'GTK_IS_ACCEL_GROUP (accel_group)' failed
[98222:0905/091755.752278:ERROR:browser_main_loop.cc(270)] Gtk: gtk_widget_add_accelerator: assertion 'GTK_IS_ACCEL_GROUP (accel_group)' failed
[98222:0905/091757.992448:ERROR:browser_main_loop.cc(270)] Gtk: gtk_widget_add_accelerator: assertion 'GTK_IS_ACCEL_GROUP (accel_group)' failed
[98222:0905/091758.040133:ERROR:browser_main_loop.cc(270)] Gtk: gtk_widget_add_accelerator: assertion 'GTK_IS_ACCEL_GROUP (accel_group)' failed
[98222:0905/091758.040463:ERROR:browser_main_loop.cc(270)] Gtk: gtk_widget_add_accelerator: assertion 'GTK_IS_ACCEL_GROUP (accel_group)' failed
[98222:0905/091759.381331:ERROR:browser_main_loop.cc(270)] Gtk: gtk_widget_add_accelerator: assertion 'GTK_IS_ACCEL_GROUP (accel_group)' failed
[98222:0905/091759.381679:ERROR:browser_main_loop.cc(270)] Gtk: gtk_widget_add_accelerator: assertion 'GTK_IS_ACCEL_GROUP (accel_group)' failed
[98222:0905/091759.679714:ERROR:browser_main_loop.cc(270)] Gtk: gtk_widget_add_accelerator: assertion 'GTK_IS_ACCEL_GROUP (accel_group)' failed
[98222:0905/091759.680198:ERROR:browser_main_loop.cc(270)] Gtk: gtk_widget_add_accelerator: assertion 'GTK_IS_ACCEL_GROUP (accel_group)' failed
[98222:0905/091800.133957:ERROR:browser_main_loop.cc(270)] Gtk: gtk_widget_add_accelerator: assertion 'GTK_IS_ACCEL_GROUP (accel_group)' failed
[98222:0905/091800.134303:ERROR:browser_main_loop.cc(270)] Gtk: gtk_widget_add_accelerator: assertion 'GTK_IS_ACCEL_GROUP (accel_group)' failed
[98222:0905/094200.371925:ERROR:libnotify_notification.cc(49)] notify_notification_show: domain=1569 code=2 message="GDBus.Error:org.freedesktop.DBus.Error.ServiceUnknown: The name org.freedesktop.Notifications was not provided by any .service files"
[98222:0905/094251.998421:ERROR:libnotify_notification.cc(49)] notify_notification_show: domain=1569 code=2 message="GDBus.Error:org.freedesktop.DBus.Error.ServiceUnknown: The name org.freedesktop.Notifications was not provided by any .service files"
[98222:0905/094340.467544:ERROR:libnotify_notification.cc(49)] notify_notification_show: domain=1569 code=2 message="GDBus.Error:org.freedesktop.DBus.Error.ServiceUnknown: The name org.freedesktop.Notifications was not provided by any .service files"
[98222:0905/094438.833216:ERROR:libnotify_notification.cc(49)] notify_notification_show: domain=1569 code=2 message="GDBus.Error:org.freedesktop.DBus.Error.ServiceUnknown: The name org.freedesktop.Notifications was not provided by any .service files"
[98222:0905/115347.695376:ERROR:libnotify_notification.cc(49)] notify_notification_show: domain=1569 code=2 message="GDBus.Error:org.freedesktop.DBus.Error.ServiceUnknown: The name org.freedesktop.Notifications was not provided by any .service files"
[98222:0905/115527.426464:ERROR:libnotify_notification.cc(49)] notify_notification_show: domain=1569 code=2 message="GDBus.Error:org.freedesktop.DBus.Error.ServiceUnknown: The name org.freedesktop.Notifications was not provided by any .service files"
[2513:0905/192842.733109:WARNING:bluez_dbus_manager.cc(247)] Floss manager not present, cannot set Floss enable/disable.
[2513:0905/192842.763429:ERROR:browser_main_loop.cc(270)] Gtk: gtk_widget_add_accelerator: assertion 'GTK_IS_ACCEL_GROUP (accel_group)' failed
[2513:0905/192842.763831:ERROR:browser_main_loop.cc(270)] Gtk: gtk_widget_add_accelerator: assertion 'GTK_IS_ACCEL_GROUP (accel_group)' failed
[2513:0905/192842.765260:ERROR:browser_main_loop.cc(270)] Gtk: gtk_widget_add_accelerator: assertion 'GTK_IS_ACCEL_GROUP (accel_group)' failed
[2513:0905/192842.765532:ERROR:browser_main_loop.cc(270)] Gtk: gtk_widget_add_accelerator: assertion 'GTK_IS_ACCEL_GROUP (accel_group)' failed
[2513:0905/192845.036374:ERROR:browser_main_loop.cc(270)] Gtk: gtk_widget_add_accelerator: assertion 'GTK_IS_ACCEL_GROUP (accel_group)' failed
[2513:0905/192845.082445:ERROR:browser_main_loop.cc(270)] Gtk: gtk_widget_add_accelerator: assertion 'GTK_IS_ACCEL_GROUP (accel_group)' failed
[2513:0905/192845.082752:ERROR:browser_main_loop.cc(270)] Gtk: gtk_widget_add_accelerator: assertion 'GTK_IS_ACCEL_GROUP (accel_group)' failed
[2513:0905/192846.744882:ERROR:browser_main_loop.cc(270)] Gtk: gtk_widget_add_accelerator: assertion 'GTK_IS_ACCEL_GROUP (accel_group)' failed
[2513:0905/192846.745608:ERROR:browser_main_loop.cc(270)] Gtk: gtk_widget_add_accelerator: assertion 'GTK_IS_ACCEL_GROUP (accel_group)' failed
[2513:0905/192847.143392:ERROR:browser_main_loop.cc(270)] Gtk: gtk_widget_add_accelerator: assertion 'GTK_IS_ACCEL_GROUP (accel_group)' failed
[2513:0905/192847.144074:ERROR:browser_main_loop.cc(270)] Gtk: gtk_widget_add_accelerator: assertion 'GTK_IS_ACCEL_GROUP (accel_group)' failed
[2513:0905/192847.830095:ERROR:browser_main_loop.cc(270)] Gtk: gtk_widget_add_accelerator: assertion 'GTK_IS_ACCEL_GROUP (accel_group)' failed
[2513:0905/192847.830440:ERROR:browser_main_loop.cc(270)] Gtk: gtk_widget_add_accelerator: assertion 'GTK_IS_ACCEL_GROUP (accel_group)' failed
[7232:0906/072506.827049:WARNING:bluez_dbus_manager.cc(247)] Floss manager not present, cannot set Floss enable/disable.
[7232:0906/072506.856513:ERROR:browser_main_loop.cc(270)] Gtk: gtk_widget_add_accelerator: assertion 'GTK_IS_ACCEL_GROUP (accel_group)' failed
[7232:0906/072506.857024:ERROR:browser_main_loop.cc(270)] Gtk: gtk_widget_add_accelerator: assertion 'GTK_IS_ACCEL_GROUP (accel_group)' failed
[7232:0906/072506.858452:ERROR:browser_main_loop.cc(270)] Gtk: gtk_widget_add_accelerator: assertion 'GTK_IS_ACCEL_GROUP (accel_group)' failed
[7232:0906/072506.858718:ERROR:browser_main_loop.cc(270)] Gtk: gtk_widget_add_accelerator: assertion 'GTK_IS_ACCEL_GROUP (accel_group)' failed
[7232:0906/072509.108522:ERROR:browser_main_loop.cc(270)] Gtk: gtk_widget_add_accelerator: assertion 'GTK_IS_ACCEL_GROUP (accel_group)' failed
[7232:0906/072509.159160:ERROR:browser_main_loop.cc(270)] Gtk: gtk_widget_add_accelerator: assertion 'GTK_IS_ACCEL_GROUP (accel_group)' failed
[7232:0906/072509.159650:ERROR:browser_main_loop.cc(270)] Gtk: gtk_widget_add_accelerator: assertion 'GTK_IS_ACCEL_GROUP (accel_group)' failed
[7232:0906/072510.867668:ERROR:browser_main_loop.cc(270)] Gtk: gtk_widget_add_accelerator: assertion 'GTK_IS_ACCEL_GROUP (accel_group)' failed
[7232:0906/072510.868163:ERROR:browser_main_loop.cc(270)] Gtk: gtk_widget_add_accelerator: assertion 'GTK_IS_ACCEL_GROUP (accel_group)' failed
[7232:0906/072511.382481:ERROR:browser_main_loop.cc(270)] Gtk: gtk_widget_add_accelerator: assertion 'GTK_IS_ACCEL_GROUP (accel_group)' failed
[7232:0906/072511.382821:ERROR:browser_main_loop.cc(270)] Gtk: gtk_widget_add_accelerator: assertion 'GTK_IS_ACCEL_GROUP (accel_group)' failed
[7232:0906/072512.278714:ERROR:browser_main_loop.cc(270)] Gtk: gtk_widget_add_accelerator: assertion 'GTK_IS_ACCEL_GROUP (accel_group)' failed
[7232:0906/072512.279026:ERROR:browser_main_loop.cc(270)] Gtk: gtk_widget_add_accelerator: assertion 'GTK_IS_ACCEL_GROUP (accel_group)' failed
[7232:0906/072536.857089:ERROR:browser_main_loop.cc(270)] Gtk: gtk_widget_add_accelerator: assertion 'GTK_IS_ACCEL_GROUP (accel_group)' failed
[7232:0906/072536.857503:ERROR:browser_main_loop.cc(270)] Gtk: gtk_widget_add_accelerator: assertion 'GTK_IS_ACCEL_GROUP (accel_group)' failed
[7232:0906/072613.707824:ERROR:browser_main_loop.cc(270)] Gtk: gtk_widget_add_accelerator: assertion 'GTK_IS_ACCEL_GROUP (accel_group)' failed
[7232:0906/072613.708269:ERROR:browser_main_loop.cc(270)] Gtk: gtk_widget_add_accelerator: assertion 'GTK_IS_ACCEL_GROUP (accel_group)' failed
[7270:0906/072613.873067:WARNING:spdy_session.cc(3502)] Received HEADERS for invalid stream 35
[7270:0906/072613.893167:WARNING:spdy_session.cc(3502)] Received HEADERS for invalid stream 141
[7270:0906/072613.893367:WARNING:spdy_session.cc(3502)] Received HEADERS for invalid stream 421
[7270:0906/072613.893394:WARNING:spdy_session.cc(3502)] Received HEADERS for invalid stream 423
[7232:0906/072630.192415:ERROR:browser_main_loop.cc(270)] Gtk: gtk_widget_add_accelerator: assertion 'GTK_IS_ACCEL_GROUP (accel_group)' failed
[7232:0906/072630.325364:ERROR:browser_main_loop.cc(270)] Gtk: gtk_widget_add_accelerator: assertion 'GTK_IS_ACCEL_GROUP (accel_group)' failed
[7232:0906/072630.325698:ERROR:browser_main_loop.cc(270)] Gtk: gtk_widget_add_accelerator: assertion 'GTK_IS_ACCEL_GROUP (accel_group)' failed
[7270:0906/072652.847522:WARNING:spdy_session.cc(3502)] Received HEADERS for invalid stream 69
[7270:0906/072652.894589:WARNING:spdy_session.cc(3502)] Received HEADERS for invalid stream 267
[7270:0906/072652.894651:WARNING:spdy_session.cc(3502)] Received HEADERS for invalid stream 269
[7232:0906/072655.422422:ERROR:browser_main_loop.cc(270)] Gtk: gtk_widget_add_accelerator: assertion 'GTK_IS_ACCEL_GROUP (accel_group)' failed
[7232:0906/072655.456785:ERROR:browser_main_loop.cc(270)] Gtk: gtk_widget_add_accelerator: assertion 'GTK_IS_ACCEL_GROUP (accel_group)' failed
[7232:0906/072655.457222:ERROR:browser_main_loop.cc(270)] Gtk: gtk_widget_add_accelerator: assertion 'GTK_IS_ACCEL_GROUP (accel_group)' failed
[7232:0906/072657.128564:ERROR:browser_main_loop.cc(270)] Gtk: gtk_widget_add_accelerator: assertion 'GTK_IS_ACCEL_GROUP (accel_group)' failed
[7232:0906/072657.129062:ERROR:browser_main_loop.cc(270)] Gtk: gtk_widget_add_accelerator: assertion 'GTK_IS_ACCEL_GROUP (accel_group)' failed
[7232:0906/072657.873916:ERROR:browser_main_loop.cc(270)] Gtk: gtk_widget_add_accelerator: assertion 'GTK_IS_ACCEL_GROUP (accel_group)' failed
[7232:0906/072657.874232:ERROR:browser_main_loop.cc(270)] Gtk: gtk_widget_add_accelerator: assertion 'GTK_IS_ACCEL_GROUP (accel_group)' failed
[7232:0906/072711.823769:ERROR:browser_main_loop.cc(270)] Gtk: gtk_widget_add_accelerator: assertion 'GTK_IS_ACCEL_GROUP (accel_group)' failed
[7232:0906/072711.824351:ERROR:browser_main_loop.cc(270)] Gtk: gtk_widget_add_accelerator: assertion 'GTK_IS_ACCEL_GROUP (accel_group)' failed
[7270:0906/072712.264419:WARNING:spdy_session.cc(3502)] Received HEADERS for invalid stream 91
[7270:0906/072712.285020:WARNING:spdy_session.cc(3502)] Received HEADERS for invalid stream 399
[7270:0906/072712.298646:WARNING:spdy_session.cc(3502)] Received HEADERS for invalid stream 581
[7270:0906/072712.298701:WARNING:spdy_session.cc(3502)] Received HEADERS for invalid stream 585
[7270:0906/072712.298724:WARNING:spdy_session.cc(3502)] Received HEADERS for invalid stream 587
[7270:0906/072712.298742:WARNING:spdy_session.cc(3502)] Received HEADERS for invalid stream 589
[7270:0906/072712.298759:WARNING:spdy_session.cc(3502)] Received HEADERS for invalid stream 583
[7232:0906/072714.500019:ERROR:browser_main_loop.cc(270)] Gtk: gtk_widget_add_accelerator: assertion 'GTK_IS_ACCEL_GROUP (accel_group)' failed
[7232:0906/072714.543186:ERROR:browser_main_loop.cc(270)] Gtk: gtk_widget_add_accelerator: assertion 'GTK_IS_ACCEL_GROUP (accel_group)' failed
[7232:0906/072714.543843:ERROR:browser_main_loop.cc(270)] Gtk: gtk_widget_add_accelerator: assertion 'GTK_IS_ACCEL_GROUP (accel_group)' failed
[7232:0906/072715.893492:ERROR:browser_main_loop.cc(270)] Gtk: gtk_widget_add_accelerator: assertion 'GTK_IS_ACCEL_GROUP (accel_group)' failed
[7232:0906/072715.893998:ERROR:browser_main_loop.cc(270)] Gtk: gtk_widget_add_accelerator: assertion 'GTK_IS_ACCEL_GROUP (accel_group)' failed
[7232:0906/072758.491211:ERROR:browser_main_loop.cc(270)] Gtk: gtk_widget_add_accelerator: assertion 'GTK_IS_ACCEL_GROUP (accel_group)' failed
[7232:0906/072758.491696:ERROR:browser_main_loop.cc(270)] Gtk: gtk_widget_add_accelerator: assertion 'GTK_IS_ACCEL_GROUP (accel_group)' failed
[7232:0906/072807.812420:ERROR:browser_main_loop.cc(270)] Gtk: gtk_widget_add_accelerator: assertion 'GTK_IS_ACCEL_GROUP (accel_group)' failed
[7232:0906/072807.812882:ERROR:browser_main_loop.cc(270)] Gtk: gtk_widget_add_accelerator: assertion 'GTK_IS_ACCEL_GROUP (accel_group)' failed
[7270:0906/072807.978954:WARNING:spdy_session.cc(3502)] Received HEADERS for invalid stream 127
[7270:0906/072807.993313:WARNING:spdy_session.cc(3502)] Received HEADERS for invalid stream 451
[7270:0906/072807.993426:WARNING:spdy_session.cc(3502)] Received HEADERS for invalid stream 835
[7270:0906/072807.993451:WARNING:spdy_session.cc(3502)] Received HEADERS for invalid stream 837
[7270:0906/072807.993475:WARNING:spdy_session.cc(3502)] Received HEADERS for invalid stream 833
[7232:0906/072810.334272:ERROR:browser_main_loop.cc(270)] Gtk: gtk_widget_add_accelerator: assertion 'GTK_IS_ACCEL_GROUP (accel_group)' failed
[7232:0906/072810.380794:ERROR:browser_main_loop.cc(270)] Gtk: gtk_widget_add_accelerator: assertion 'GTK_IS_ACCEL_GROUP (accel_group)' failed
[7232:0906/072810.381144:ERROR:browser_main_loop.cc(270)] Gtk: gtk_widget_add_accelerator: assertion 'GTK_IS_ACCEL_GROUP (accel_group)' failed
[7232:0906/072811.793808:ERROR:browser_main_loop.cc(270)] Gtk: gtk_widget_add_accelerator: assertion 'GTK_IS_ACCEL_GROUP (accel_group)' failed
[7232:0906/072811.794532:ERROR:browser_main_loop.cc(270)] Gtk: gtk_widget_add_accelerator: assertion 'GTK_IS_ACCEL_GROUP (accel_group)' failed
[8634:0906/092637.773704:WARNING:bluez_dbus_manager.cc(247)] Floss manager not present, cannot set Floss enable/disable.
[8634:0906/092637.807431:ERROR:browser_main_loop.cc(270)] Gtk: gtk_widget_add_accelerator: assertion 'GTK_IS_ACCEL_GROUP (accel_group)' failed
[8634:0906/092637.807985:ERROR:browser_main_loop.cc(270)] Gtk: gtk_widget_add_accelerator: assertion 'GTK_IS_ACCEL_GROUP (accel_group)' failed
[8634:0906/092637.809414:ERROR:browser_main_loop.cc(270)] Gtk: gtk_widget_add_accelerator: assertion 'GTK_IS_ACCEL_GROUP (accel_group)' failed
[8634:0906/092637.809705:ERROR:browser_main_loop.cc(270)] Gtk: gtk_widget_add_accelerator: assertion 'GTK_IS_ACCEL_GROUP (accel_group)' failed
[8634:0906/092640.321468:ERROR:browser_main_loop.cc(270)] Gtk: gtk_widget_add_accelerator: assertion 'GTK_IS_ACCEL_GROUP (accel_group)' failed
[8634:0906/092640.373393:ERROR:browser_main_loop.cc(270)] Gtk: gtk_widget_add_accelerator: assertion 'GTK_IS_ACCEL_GROUP (accel_group)' failed
[8634:0906/092640.373815:ERROR:browser_main_loop.cc(270)] Gtk: gtk_widget_add_accelerator: assertion 'GTK_IS_ACCEL_GROUP (accel_group)' failed
[8634:0906/092641.524014:ERROR:browser_main_loop.cc(270)] Gtk: gtk_widget_add_accelerator: assertion 'GTK_IS_ACCEL_GROUP (accel_group)' failed
[8634:0906/092641.524388:ERROR:browser_main_loop.cc(270)] Gtk: gtk_widget_add_accelerator: assertion 'GTK_IS_ACCEL_GROUP (accel_group)' failed
[8634:0906/140524.048712:ERROR:libnotify_notification.cc(49)] notify_notification_show: domain=1569 code=2 message="GDBus.Error:org.freedesktop.DBus.Error.ServiceUnknown: The name org.freedesktop.Notifications was not provided by any .service files"
[83752:0907/183202.174355:WARNING:bluez_dbus_manager.cc(247)] Floss manager not present, cannot set Floss enable/disable.
[83752:0907/183202.206992:ERROR:browser_main_loop.cc(270)] Gtk: gtk_widget_add_accelerator: assertion 'GTK_IS_ACCEL_GROUP (accel_group)' failed
[83752:0907/183202.207479:ERROR:browser_main_loop.cc(270)] Gtk: gtk_widget_add_accelerator: assertion 'GTK_IS_ACCEL_GROUP (accel_group)' failed
[83752:0907/183202.209100:ERROR:browser_main_loop.cc(270)] Gtk: gtk_widget_add_accelerator: assertion 'GTK_IS_ACCEL_GROUP (accel_group)' failed
[83752:0907/183202.209518:ERROR:browser_main_loop.cc(270)] Gtk: gtk_widget_add_accelerator: assertion 'GTK_IS_ACCEL_GROUP (accel_group)' failed
[83752:0907/183204.622151:ERROR:browser_main_loop.cc(270)] Gtk: gtk_widget_add_accelerator: assertion 'GTK_IS_ACCEL_GROUP (accel_group)' failed
[83752:0907/183204.673956:ERROR:browser_main_loop.cc(270)] Gtk: gtk_widget_add_accelerator: assertion 'GTK_IS_ACCEL_GROUP (accel_group)' failed
[83752:0907/183204.674301:ERROR:browser_main_loop.cc(270)] Gtk: gtk_widget_add_accelerator: assertion 'GTK_IS_ACCEL_GROUP (accel_group)' failed
[83752:0907/183205.975785:ERROR:browser_main_loop.cc(270)] Gtk: gtk_widget_add_accelerator: assertion 'GTK_IS_ACCEL_GROUP (accel_group)' failed
[83752:0907/183205.976210:ERROR:browser_main_loop.cc(270)] Gtk: gtk_widget_add_accelerator: assertion 'GTK_IS_ACCEL_GROUP (accel_group)' failed
[83752:0907/184017.675674:ERROR:libnotify_notification.cc(49)] notify_notification_show: domain=1569 code=2 message="GDBus.Error:org.freedesktop.DBus.Error.ServiceUnknown: The name org.freedesktop.Notifications was not provided by any .service files"
[345514:0908/114541.921661:WARNING:bluez_dbus_manager.cc(247)] Floss manager not present, cannot set Floss enable/disable.
[345514:0908/114541.953463:ERROR:browser_main_loop.cc(270)] Gtk: gtk_widget_add_accelerator: assertion 'GTK_IS_ACCEL_GROUP (accel_group)' failed
[345514:0908/114541.953856:ERROR:browser_main_loop.cc(270)] Gtk: gtk_widget_add_accelerator: assertion 'GTK_IS_ACCEL_GROUP (accel_group)' failed
[345514:0908/114541.955175:ERROR:browser_main_loop.cc(270)] Gtk: gtk_widget_add_accelerator: assertion 'GTK_IS_ACCEL_GROUP (accel_group)' failed
[345514:0908/114541.955441:ERROR:browser_main_loop.cc(270)] Gtk: gtk_widget_add_accelerator: assertion 'GTK_IS_ACCEL_GROUP (accel_group)' failed
[345514:0908/114548.786795:ERROR:browser_main_loop.cc(270)] Gtk: gtk_widget_add_accelerator: assertion 'GTK_IS_ACCEL_GROUP (accel_group)' failed
[345514:0908/114548.834749:ERROR:browser_main_loop.cc(270)] Gtk: gtk_widget_add_accelerator: assertion 'GTK_IS_ACCEL_GROUP (accel_group)' failed
[345514:0908/114548.835080:ERROR:browser_main_loop.cc(270)] Gtk: gtk_widget_add_accelerator: assertion 'GTK_IS_ACCEL_GROUP (accel_group)' failed
[345514:0908/114550.062760:ERROR:browser_main_loop.cc(270)] Gtk: gtk_widget_add_accelerator: assertion 'GTK_IS_ACCEL_GROUP (accel_group)' failed
[345514:0908/114550.063416:ERROR:browser_main_loop.cc(270)] Gtk: gtk_widget_add_accelerator: assertion 'GTK_IS_ACCEL_GROUP (accel_group)' failed
[345514:0908/114744.694593:ERROR:libnotify_notification.cc(49)] notify_notification_show: domain=1569 code=2 message="GDBus.Error:org.freedesktop.DBus.Error.ServiceUnknown: The name org.freedesktop.Notifications was not provided by any .service files"
[345514:0908/133212.714516:ERROR:browser_main_loop.cc(270)] Gtk: gtk_widget_add_accelerator: assertion 'GTK_IS_ACCEL_GROUP (accel_group)' failed
[345514:0908/133212.893474:ERROR:browser_main_loop.cc(270)] Gtk: gtk_widget_add_accelerator: assertion 'GTK_IS_ACCEL_GROUP (accel_group)' failed
[345514:0908/133212.893814:ERROR:browser_main_loop.cc(270)] Gtk: gtk_widget_add_accelerator: assertion 'GTK_IS_ACCEL_GROUP (accel_group)' failed
[345514:0908/133214.493013:ERROR:browser_main_loop.cc(270)] Gtk: gtk_widget_add_accelerator: assertion 'GTK_IS_ACCEL_GROUP (accel_group)' failed
[345514:0908/133214.493465:ERROR:browser_main_loop.cc(270)] Gtk: gtk_widget_add_accelerator: assertion 'GTK_IS_ACCEL_GROUP (accel_group)' failed
[34471:0908/160344.941415:WARNING:bluez_dbus_manager.cc(247)] Floss manager not present, cannot set Floss enable/disable.
[34471:0908/160344.971876:ERROR:browser_main_loop.cc(270)] Gtk: gtk_widget_add_accelerator: assertion 'GTK_IS_ACCEL_GROUP (accel_group)' failed
[34471:0908/160344.972299:ERROR:browser_main_loop.cc(270)] Gtk: gtk_widget_add_accelerator: assertion 'GTK_IS_ACCEL_GROUP (accel_group)' failed
[34471:0908/160344.973548:ERROR:browser_main_loop.cc(270)] Gtk: gtk_widget_add_accelerator: assertion 'GTK_IS_ACCEL_GROUP (accel_group)' failed
[34471:0908/160344.973805:ERROR:browser_main_loop.cc(270)] Gtk: gtk_widget_add_accelerator: assertion 'GTK_IS_ACCEL_GROUP (accel_group)' failed
[34471:0908/160347.285348:ERROR:browser_main_loop.cc(270)] Gtk: gtk_widget_add_accelerator: assertion 'GTK_IS_ACCEL_GROUP (accel_group)' failed
[34471:0908/160347.335074:ERROR:browser_main_loop.cc(270)] Gtk: gtk_widget_add_accelerator: assertion 'GTK_IS_ACCEL_GROUP (accel_group)' failed
[34471:0908/160347.335404:ERROR:browser_main_loop.cc(270)] Gtk: gtk_widget_add_accelerator: assertion 'GTK_IS_ACCEL_GROUP (accel_group)' failed
[34471:0908/160349.208655:ERROR:browser_main_loop.cc(270)] Gtk: gtk_widget_add_accelerator: assertion 'GTK_IS_ACCEL_GROUP (accel_group)' failed
[34471:0908/160349.208989:ERROR:browser_main_loop.cc(270)] Gtk: gtk_widget_add_accelerator: assertion 'GTK_IS_ACCEL_GROUP (accel_group)' failed
[34471:0908/161345.830491:ERROR:libnotify_notification.cc(49)] notify_notification_show: domain=1569 code=2 message="GDBus.Error:org.freedesktop.DBus.Error.ServiceUnknown: The name org.freedesktop.Notifications was not provided by any .service files"
[34471:0908/181137.431198:ERROR:browser_main_loop.cc(270)] Gtk: gtk_widget_add_accelerator: assertion 'GTK_IS_ACCEL_GROUP (accel_group)' failed
[34471:0908/181137.574595:ERROR:browser_main_loop.cc(270)] Gtk: gtk_widget_add_accelerator: assertion 'GTK_IS_ACCEL_GROUP (accel_group)' failed
[34471:0908/181137.574917:ERROR:browser_main_loop.cc(270)] Gtk: gtk_widget_add_accelerator: assertion 'GTK_IS_ACCEL_GROUP (accel_group)' failed
[34471:0908/181139.317460:ERROR:browser_main_loop.cc(270)] Gtk: gtk_widget_add_accelerator: assertion 'GTK_IS_ACCEL_GROUP (accel_group)' failed
[34471:0908/181139.317760:ERROR:browser_main_loop.cc(270)] Gtk: gtk_widget_add_accelerator: assertion 'GTK_IS_ACCEL_GROUP (accel_group)' failed
[13310:0908/183742.169593:WARNING:bluez_dbus_manager.cc(247)] Floss manager not present, cannot set Floss enable/disable.
[13310:0908/183742.201267:ERROR:browser_main_loop.cc(270)] Gtk: gtk_widget_add_accelerator: assertion 'GTK_IS_ACCEL_GROUP (accel_group)' failed
[13310:0908/183742.201712:ERROR:browser_main_loop.cc(270)] Gtk: gtk_widget_add_accelerator: assertion 'GTK_IS_ACCEL_GROUP (accel_group)' failed
[13310:0908/183742.203065:ERROR:browser_main_loop.cc(270)] Gtk: gtk_widget_add_accelerator: assertion 'GTK_IS_ACCEL_GROUP (accel_group)' failed
[13310:0908/183742.203362:ERROR:browser_main_loop.cc(270)] Gtk: gtk_widget_add_accelerator: assertion 'GTK_IS_ACCEL_GROUP (accel_group)' failed
[13310:0908/183744.704143:ERROR:browser_main_loop.cc(270)] Gtk: gtk_widget_add_accelerator: assertion 'GTK_IS_ACCEL_GROUP (accel_group)' failed
[13310:0908/183744.775401:ERROR:browser_main_loop.cc(270)] Gtk: gtk_widget_add_accelerator: assertion 'GTK_IS_ACCEL_GROUP (accel_group)' failed
[13310:0908/183744.775991:ERROR:browser_main_loop.cc(270)] Gtk: gtk_widget_add_accelerator: assertion 'GTK_IS_ACCEL_GROUP (accel_group)' failed
[13310:0908/183746.771585:ERROR:browser_main_loop.cc(270)] Gtk: gtk_widget_add_accelerator: assertion 'GTK_IS_ACCEL_GROUP (accel_group)' failed
[13310:0908/183746.771906:ERROR:browser_main_loop.cc(270)] Gtk: gtk_widget_add_accelerator: assertion 'GTK_IS_ACCEL_GROUP (accel_group)' failed
[13310:0908/184912.009931:ERROR:libnotify_notification.cc(49)] notify_notification_show: domain=1569 code=2 message="GDBus.Error:org.freedesktop.DBus.Error.ServiceUnknown: The name org.freedesktop.Notifications was not provided by any .service files"
[13310:0908/193254.995720:ERROR:libnotify_notification.cc(49)] notify_notification_show: domain=1569 code=2 message="GDBus.Error:org.freedesktop.DBus.Error.ServiceUnknown: The name org.freedesktop.Notifications was not provided by any .service files"
[13310:0908/193351.989762:ERROR:libnotify_notification.cc(49)] notify_notification_show: domain=1569 code=2 message="GDBus.Error:org.freedesktop.DBus.Error.ServiceUnknown: The name org.freedesktop.Notifications was not provided by any .service files"
[13310:0908/212849.024301:ERROR:libnotify_notification.cc(49)] notify_notification_show: domain=1569 code=2 message="GDBus.Error:org.freedesktop.DBus.Error.ServiceUnknown: The name org.freedesktop.Notifications was not provided by any .service files"
[13310:0908/212958.774062:ERROR:libnotify_notification.cc(49)] notify_notification_show: domain=1569 code=2 message="GDBus.Error:org.freedesktop.DBus.Error.ServiceUnknown: The name org.freedesktop.Notifications was not provided by any .service files"
[5084:0909/080533.122900:WARNING:bluez_dbus_manager.cc(247)] Floss manager not present, cannot set Floss enable/disable.
[5084:0909/080533.154017:ERROR:browser_main_loop.cc(270)] Gtk: gtk_widget_add_accelerator: assertion 'GTK_IS_ACCEL_GROUP (accel_group)' failed
[5084:0909/080533.154475:ERROR:browser_main_loop.cc(270)] Gtk: gtk_widget_add_accelerator: assertion 'GTK_IS_ACCEL_GROUP (accel_group)' failed
[5084:0909/080533.155840:ERROR:browser_main_loop.cc(270)] Gtk: gtk_widget_add_accelerator: assertion 'GTK_IS_ACCEL_GROUP (accel_group)' failed
[5084:0909/080533.156108:ERROR:browser_main_loop.cc(270)] Gtk: gtk_widget_add_accelerator: assertion 'GTK_IS_ACCEL_GROUP (accel_group)' failed
[5084:0909/080535.500789:ERROR:browser_main_loop.cc(270)] Gtk: gtk_widget_add_accelerator: assertion 'GTK_IS_ACCEL_GROUP (accel_group)' failed
[5084:0909/080535.548806:ERROR:browser_main_loop.cc(270)] Gtk: gtk_widget_add_accelerator: assertion 'GTK_IS_ACCEL_GROUP (accel_group)' failed
[5084:0909/080535.549178:ERROR:browser_main_loop.cc(270)] Gtk: gtk_widget_add_accelerator: assertion 'GTK_IS_ACCEL_GROUP (accel_group)' failed
[5084:0909/080537.546033:ERROR:browser_main_loop.cc(270)] Gtk: gtk_widget_add_accelerator: assertion 'GTK_IS_ACCEL_GROUP (accel_group)' failed
[5084:0909/080537.546555:ERROR:browser_main_loop.cc(270)] Gtk: gtk_widget_add_accelerator: assertion 'GTK_IS_ACCEL_GROUP (accel_group)' failed
[5084:0909/080845.854105:ERROR:libnotify_notification.cc(49)] notify_notification_show: domain=1569 code=2 message="GDBus.Error:org.freedesktop.DBus.Error.ServiceUnknown: The name org.freedesktop.Notifications was not provided by any .service files"
[5123:0909/080858.692532:WARNING:spdy_session.cc(3502)] Received HEADERS for invalid stream 261
[5123:0909/080858.748035:WARNING:spdy_session.cc(3502)] Received HEADERS for invalid stream 265
[12760:0909/093800.190601:WARNING:bluez_dbus_manager.cc(247)] Floss manager not present, cannot set Floss enable/disable.
[12760:0909/093800.221740:ERROR:browser_main_loop.cc(270)] Gtk: gtk_widget_add_accelerator: assertion 'GTK_IS_ACCEL_GROUP (accel_group)' failed
[12760:0909/093800.222186:ERROR:browser_main_loop.cc(270)] Gtk: gtk_widget_add_accelerator: assertion 'GTK_IS_ACCEL_GROUP (accel_group)' failed
[12760:0909/093800.223503:ERROR:browser_main_loop.cc(270)] Gtk: gtk_widget_add_accelerator: assertion 'GTK_IS_ACCEL_GROUP (accel_group)' failed
[12760:0909/093800.223772:ERROR:browser_main_loop.cc(270)] Gtk: gtk_widget_add_accelerator: assertion 'GTK_IS_ACCEL_GROUP (accel_group)' failed
[12760:0909/093802.450508:ERROR:browser_main_loop.cc(270)] Gtk: gtk_widget_add_accelerator: assertion 'GTK_IS_ACCEL_GROUP (accel_group)' failed
[12760:0909/093802.524596:ERROR:browser_main_loop.cc(270)] Gtk: gtk_widget_add_accelerator: assertion 'GTK_IS_ACCEL_GROUP (accel_group)' failed
[12760:0909/093802.524934:ERROR:browser_main_loop.cc(270)] Gtk: gtk_widget_add_accelerator: assertion 'GTK_IS_ACCEL_GROUP (accel_group)' failed
[12760:0909/093804.036992:ERROR:browser_main_loop.cc(270)] Gtk: gtk_widget_add_accelerator: assertion 'GTK_IS_ACCEL_GROUP (accel_group)' failed
[12760:0909/093804.037432:ERROR:browser_main_loop.cc(270)] Gtk: gtk_widget_add_accelerator: assertion 'GTK_IS_ACCEL_GROUP (accel_group)' failed
[104815:0909/152603.969109:WARNING:bluez_dbus_manager.cc(247)] Floss manager not present, cannot set Floss enable/disable.
[104815:0909/152604.002421:ERROR:browser_main_loop.cc(270)] Gtk: gtk_widget_add_accelerator: assertion 'GTK_IS_ACCEL_GROUP (accel_group)' failed
[104815:0909/152604.002975:ERROR:browser_main_loop.cc(270)] Gtk: gtk_widget_add_accelerator: assertion 'GTK_IS_ACCEL_GROUP (accel_group)' failed
[104815:0909/152604.004588:ERROR:browser_main_loop.cc(270)] Gtk: gtk_widget_add_accelerator: assertion 'GTK_IS_ACCEL_GROUP (accel_group)' failed
[104815:0909/152604.004899:ERROR:browser_main_loop.cc(270)] Gtk: gtk_widget_add_accelerator: assertion 'GTK_IS_ACCEL_GROUP (accel_group)' failed
[104815:0909/152606.497685:ERROR:browser_main_loop.cc(270)] Gtk: gtk_widget_add_accelerator: assertion 'GTK_IS_ACCEL_GROUP (accel_group)' failed
[104815:0909/152606.556754:ERROR:browser_main_loop.cc(270)] Gtk: gtk_widget_add_accelerator: assertion 'GTK_IS_ACCEL_GROUP (accel_group)' failed
[104815:0909/152606.557060:ERROR:browser_main_loop.cc(270)] Gtk: gtk_widget_add_accelerator: assertion 'GTK_IS_ACCEL_GROUP (accel_group)' failed
[104815:0909/152608.307244:ERROR:browser_main_loop.cc(270)] Gtk: gtk_widget_add_accelerator: assertion 'GTK_IS_ACCEL_GROUP (accel_group)' failed
[104815:0909/152608.307570:ERROR:browser_main_loop.cc(270)] Gtk: gtk_widget_add_accelerator: assertion 'GTK_IS_ACCEL_GROUP (accel_group)' failed
[104815:0909/162813.739845:ERROR:libnotify_notification.cc(49)] notify_notification_show: domain=1569 code=2 message="GDBus.Error:org.freedesktop.DBus.Error.ServiceUnknown: The name org.freedesktop.Notifications was not provided by any .service files"
[104815:0909/170616.247510:ERROR:libnotify_notification.cc(49)] notify_notification_show: domain=1569 code=2 message="GDBus.Error:org.freedesktop.DBus.Error.ServiceUnknown: The name org.freedesktop.Notifications was not provided by any .service files"
[104815:0909/171145.738797:ERROR:libnotify_notification.cc(49)] notify_notification_show: domain=1569 code=2 message="GDBus.Error:org.freedesktop.DBus.Error.ServiceUnknown: The name org.freedesktop.Notifications was not provided by any .service files"
[104815:0909/191751.485532:INFO:render_frame_host_impl.cc(11664)] RenderFrameHostImpl::MaybeGenerateCrashReport url = https://app.slack.com/client/T03VAV79JTS/C03UPN3JL2G/thread/C03UPN3JL2G-1662764776.790449, status = 2, exit_code = 9
[104855:0910/052027.182697:ERROR:simple_index_file.cc(322)] Failed to write the temporary index file
[104855:0910/062027.166623:ERROR:simple_index_file.cc(322)] Failed to write the temporary index file
[46906:0912/074529.109911:WARNING:bluez_dbus_manager.cc(247)] Floss manager not present, cannot set Floss enable/disable.
[46906:0912/074529.140597:ERROR:browser_main_loop.cc(270)] Gtk: gtk_widget_add_accelerator: assertion 'GTK_IS_ACCEL_GROUP (accel_group)' failed
[46906:0912/074529.141085:ERROR:browser_main_loop.cc(270)] Gtk: gtk_widget_add_accelerator: assertion 'GTK_IS_ACCEL_GROUP (accel_group)' failed
[46906:0912/074529.142307:ERROR:browser_main_loop.cc(270)] Gtk: gtk_widget_add_accelerator: assertion 'GTK_IS_ACCEL_GROUP (accel_group)' failed
[46906:0912/074529.142569:ERROR:browser_main_loop.cc(270)] Gtk: gtk_widget_add_accelerator: assertion 'GTK_IS_ACCEL_GROUP (accel_group)' failed
[46906:0912/074531.668098:ERROR:browser_main_loop.cc(270)] Gtk: gtk_widget_add_accelerator: assertion 'GTK_IS_ACCEL_GROUP (accel_group)' failed
[46906:0912/074531.713330:ERROR:browser_main_loop.cc(270)] Gtk: gtk_widget_add_accelerator: assertion 'GTK_IS_ACCEL_GROUP (accel_group)' failed
[46906:0912/074531.713662:ERROR:browser_main_loop.cc(270)] Gtk: gtk_widget_add_accelerator: assertion 'GTK_IS_ACCEL_GROUP (accel_group)' failed
[46906:0912/074533.232580:ERROR:browser_main_loop.cc(270)] Gtk: gtk_widget_add_accelerator: assertion 'GTK_IS_ACCEL_GROUP (accel_group)' failed
[46906:0912/074533.233383:ERROR:browser_main_loop.cc(270)] Gtk: gtk_widget_add_accelerator: assertion 'GTK_IS_ACCEL_GROUP (accel_group)' failed
[46906:0912/090038.004323:INFO:render_frame_host_impl.cc(11664)] RenderFrameHostImpl::MaybeGenerateCrashReport url = https://app.slack.com/client/T03TTDN4Q/D03GX9KJV9D/thread/CLT9FHA1K-1662476520.179729, status = 2, exit_code = 9
[161484:0912/090409.668192:WARNING:bluez_dbus_manager.cc(247)] Floss manager not present, cannot set Floss enable/disable.
[161484:0912/090409.698949:ERROR:browser_main_loop.cc(270)] Gtk: gtk_widget_add_accelerator: assertion 'GTK_IS_ACCEL_GROUP (accel_group)' failed
[161484:0912/090409.699501:ERROR:browser_main_loop.cc(270)] Gtk: gtk_widget_add_accelerator: assertion 'GTK_IS_ACCEL_GROUP (accel_group)' failed
[161484:0912/090409.701185:ERROR:browser_main_loop.cc(270)] Gtk: gtk_widget_add_accelerator: assertion 'GTK_IS_ACCEL_GROUP (accel_group)' failed
[161484:0912/090409.701499:ERROR:browser_main_loop.cc(270)] Gtk: gtk_widget_add_accelerator: assertion 'GTK_IS_ACCEL_GROUP (accel_group)' failed
[161484:0912/090412.983544:ERROR:browser_main_loop.cc(270)] Gtk: gtk_widget_add_accelerator: assertion 'GTK_IS_ACCEL_GROUP (accel_group)' failed
[161484:0912/090413.039601:ERROR:browser_main_loop.cc(270)] Gtk: gtk_widget_add_accelerator: assertion 'GTK_IS_ACCEL_GROUP (accel_group)' failed
[161484:0912/090413.039984:ERROR:browser_main_loop.cc(270)] Gtk: gtk_widget_add_accelerator: assertion 'GTK_IS_ACCEL_GROUP (accel_group)' failed
[161484:0912/090415.012583:ERROR:browser_main_loop.cc(270)] Gtk: gtk_widget_add_accelerator: assertion 'GTK_IS_ACCEL_GROUP (accel_group)' failed
[161484:0912/090415.013002:ERROR:browser_main_loop.cc(270)] Gtk: gtk_widget_add_accelerator: assertion 'GTK_IS_ACCEL_GROUP (accel_group)' failed
[161484:0912/104419.437171:ERROR:libnotify_notification.cc(49)] notify_notification_show: domain=1569 code=2 message="GDBus.Error:org.freedesktop.DBus.Error.ServiceUnknown: The name org.freedesktop.Notifications was not provided by any .service files"
[161484:0912/105113.036941:ERROR:libnotify_notification.cc(49)] notify_notification_show: domain=1569 code=2 message="GDBus.Error:org.freedesktop.DBus.Error.ServiceUnknown: The name org.freedesktop.Notifications was not provided by any .service files"
[161484:0912/105118.955295:ERROR:libnotify_notification.cc(49)] notify_notification_show: domain=1569 code=2 message="GDBus.Error:org.freedesktop.DBus.Error.ServiceUnknown: The name org.freedesktop.Notifications was not provided by any .service files"
[161523:0912/105140.492400:INFO:socket_udp.cc(373)] sendto() has failed twice returning a  transient error net::ERR_ACCESS_DENIED. Dropping the packet.
[161523:0912/105140.512608:INFO:socket_udp.cc(373)] sendto() has failed twice returning a  transient error net::ERR_ACCESS_DENIED. Dropping the packet.
[161523:0912/105140.742354:INFO:socket_udp.cc(373)] sendto() has failed twice returning a  transient error net::ERR_ACCESS_DENIED. Dropping the packet.
[161523:0912/105140.764083:INFO:socket_udp.cc(373)] sendto() has failed twice returning a  transient error net::ERR_ACCESS_DENIED. Dropping the packet.
[161523:0912/105141.242536:INFO:socket_udp.cc(373)] sendto() has failed twice returning a  transient error net::ERR_ACCESS_DENIED. Dropping the packet.
[161523:0912/105141.264258:INFO:socket_udp.cc(373)] sendto() has failed twice returning a  transient error net::ERR_ACCESS_DENIED. Dropping the packet.
[161523:0912/105142.242660:INFO:socket_udp.cc(373)] sendto() has failed twice returning a  transient error net::ERR_ACCESS_DENIED. Dropping the packet.
[161523:0912/105142.264422:INFO:socket_udp.cc(373)] sendto() has failed twice returning a  transient error net::ERR_ACCESS_DENIED. Dropping the packet.
[161484:0912/105142.572366:WARNING:x_server_pixel_buffer.cc(202)] Failed to get icc profile
[161484:0912/105142.586735:WARNING:x_server_pixel_buffer.cc(202)] Failed to get icc profile
[161484:0912/105144.195998:WARNING:x_server_pixel_buffer.cc(202)] Failed to get icc profile
[161484:0912/105144.201344:WARNING:x_server_pixel_buffer.cc(202)] Failed to get icc profile
[161523:0912/105144.242794:INFO:socket_udp.cc(373)] sendto() has failed twice returning a  transient error net::ERR_ACCESS_DENIED. Dropping the packet.
[161523:0912/105144.264648:INFO:socket_udp.cc(373)] sendto() has failed twice returning a  transient error net::ERR_ACCESS_DENIED. Dropping the packet.
[161484:0912/105144.388539:WARNING:x_server_pixel_buffer.cc(202)] Failed to get icc profile
[161523:0912/105144.720363:INFO:socket_udp.cc(373)] sendto() has failed twice returning a  transient error net::ERR_ACCESS_DENIED. Dropping the packet.
[161523:0912/105144.777673:INFO:socket_udp.cc(373)] sendto() has failed twice returning a  transient error net::ERR_ACCESS_DENIED. Dropping the packet.
[161523:0912/105144.970498:INFO:socket_udp.cc(373)] sendto() has failed twice returning a  transient error net::ERR_ACCESS_DENIED. Dropping the packet.
[161523:0912/105145.027819:INFO:socket_udp.cc(373)] sendto() has failed twice returning a  transient error net::ERR_ACCESS_DENIED. Dropping the packet.
[161523:0912/105145.470560:INFO:socket_udp.cc(373)] sendto() has failed twice returning a  transient error net::ERR_ACCESS_DENIED. Dropping the packet.
[161523:0912/105145.527889:INFO:socket_udp.cc(373)] sendto() has failed twice returning a  transient error net::ERR_ACCESS_DENIED. Dropping the packet.
[161523:0912/105146.470744:INFO:socket_udp.cc(373)] sendto() has failed twice returning a  transient error net::ERR_ACCESS_DENIED. Dropping the packet.
[161523:0912/105146.527970:INFO:socket_udp.cc(373)] sendto() has failed twice returning a  transient error net::ERR_ACCESS_DENIED. Dropping the packet.
[161523:0912/105148.243285:INFO:socket_udp.cc(373)] sendto() has failed twice returning a  transient error net::ERR_ACCESS_DENIED. Dropping the packet.
[161523:0912/105148.264773:INFO:socket_udp.cc(373)] sendto() has failed twice returning a  transient error net::ERR_ACCESS_DENIED. Dropping the packet.
[161523:0912/105148.470846:INFO:socket_udp.cc(373)] sendto() has failed twice returning a  transient error net::ERR_ACCESS_DENIED. Dropping the packet.
[161523:0912/105148.528059:INFO:socket_udp.cc(373)] sendto() has failed twice returning a  transient error net::ERR_ACCESS_DENIED. Dropping the packet.
[161523:0912/105152.471010:INFO:socket_udp.cc(373)] sendto() has failed twice returning a  transient error net::ERR_ACCESS_DENIED. Dropping the packet.
[161523:0912/105152.528229:INFO:socket_udp.cc(373)] sendto() has failed twice returning a  transient error net::ERR_ACCESS_DENIED. Dropping the packet.
[161523:0912/105156.243301:INFO:socket_udp.cc(373)] sendto() has failed twice returning a  transient error net::ERR_ACCESS_DENIED. Dropping the packet.
[161523:0912/105156.265206:INFO:socket_udp.cc(373)] sendto() has failed twice returning a  transient error net::ERR_ACCESS_DENIED. Dropping the packet.
[161523:0912/105200.471376:INFO:socket_udp.cc(373)] sendto() has failed twice returning a  transient error net::ERR_ACCESS_DENIED. Dropping the packet.
[161523:0912/105200.528413:INFO:socket_udp.cc(373)] sendto() has failed twice returning a  transient error net::ERR_ACCESS_DENIED. Dropping the packet.
[161523:0912/105204.243405:INFO:socket_udp.cc(373)] sendto() has failed twice returning a  transient error net::ERR_ACCESS_DENIED. Dropping the packet.
[161523:0912/105204.265814:INFO:socket_udp.cc(373)] sendto() has failed twice returning a  transient error net::ERR_ACCESS_DENIED. Dropping the packet.
[161523:0912/105208.476065:INFO:socket_udp.cc(373)] sendto() has failed twice returning a  transient error net::ERR_ACCESS_DENIED. Dropping the packet.
[161523:0912/105208.528983:INFO:socket_udp.cc(373)] sendto() has failed twice returning a  transient error net::ERR_ACCESS_DENIED. Dropping the packet.
[161523:0912/105212.252604:INFO:socket_udp.cc(373)] sendto() has failed twice returning a  transient error net::ERR_ACCESS_DENIED. Dropping the packet.
[161523:0912/105212.266036:INFO:socket_udp.cc(373)] sendto() has failed twice returning a  transient error net::ERR_ACCESS_DENIED. Dropping the packet.
[161523:0912/105216.481595:INFO:socket_udp.cc(373)] sendto() has failed twice returning a  transient error net::ERR_ACCESS_DENIED. Dropping the packet.
[161523:0912/105216.530065:INFO:socket_udp.cc(373)] sendto() has failed twice returning a  transient error net::ERR_ACCESS_DENIED. Dropping the packet.
[292595:0912/105225.427876:WARNING:sync_reader.cc(298)] SyncReader::Read timed out, audio glitch count=10
[292595:0912/105225.450742:WARNING:sync_reader.cc(298)] SyncReader::Read timed out, audio glitch count=10
[292595:0912/105226.747062:WARNING:sync_reader.cc(298)] SyncReader::Read timed out, audio glitch count=20
[292595:0912/105227.400784:WARNING:sync_reader.cc(298)] SyncReader::Read timed out, audio glitch count=20
[292595:0912/105229.398701:WARNING:sync_reader.cc(298)] SyncReader::Read timed out, audio glitch count=30
[292595:0912/105229.762829:WARNING:sync_reader.cc(298)] SyncReader::Read timed out, audio glitch count=30
[292595:0912/105232.820792:WARNING:sync_reader.cc(298)] SyncReader::Read timed out, audio glitch count=40
[292595:0912/105234.858872:WARNING:sync_reader.cc(298)] SyncReader::Read timed out, audio glitch count=40
[292595:0912/105237.678384:WARNING:sync_reader.cc(298)] SyncReader::Read timed out, audio glitch count=50
[292595:0912/105238.619060:WARNING:sync_reader.cc(298)] SyncReader::Read timed out, audio glitch count=50
[292595:0912/105242.349590:WARNING:sync_reader.cc(298)] SyncReader::Read timed out, audio glitch count=60
[292595:0912/105245.919286:WARNING:sync_reader.cc(298)] SyncReader::Read timed out, audio glitch count=60
[292595:0912/105248.516354:WARNING:sync_reader.cc(298)] SyncReader::Read timed out, audio glitch count=70
[292595:0912/105251.169959:WARNING:sync_reader.cc(298)] SyncReader::Read timed out, audio glitch count=70
[292595:0912/105252.000955:WARNING:input_sync_writer.cc(302)] AISW: No room in fifo.
[292595:0912/105252.002883:WARNING:input_sync_writer.cc(302)] AISW: No room in fifo.
[292595:0912/105252.003010:WARNING:input_sync_writer.cc(302)] AISW: No room in fifo.
[292595:0912/105252.003139:WARNING:input_sync_writer.cc(302)] AISW: No room in fifo.
[292595:0912/105252.003263:WARNING:input_sync_writer.cc(302)] AISW: No room in fifo.
[292595:0912/105252.003367:WARNING:input_sync_writer.cc(302)] AISW: No room in fifo.
[292595:0912/105252.003381:WARNING:input_sync_writer.cc(307)] AISW: Log cap reached, suppressing further fifo overflow logs.
[292595:0912/105251.997043:WARNING:sync_reader.cc(273)] ASR: No room in socket buffer.: Broken pipe (32)
[292595:0912/105252.001539:WARNING:sync_reader.cc(273)] ASR: No room in socket buffer.: Broken pipe (32)
[292595:0912/105252.009191:WARNING:sync_reader.cc(298)] SyncReader::Read timed out, audio glitch count=80
[292595:0912/105252.009376:WARNING:sync_reader.cc(298)] SyncReader::Read timed out, audio glitch count=80
[161484:0912/105252.173502:INFO:render_frame_host_impl.cc(11664)] RenderFrameHostImpl::MaybeGenerateCrashReport url = https://app.slack.com/client/T03TTDN4Q/D029CKRUX6U/thread/CLT9FHA1K-1662476520.179729, status = 2, exit_code = 9
[161484:0912/105252.188204:INFO:render_frame_host_impl.cc(11664)] RenderFrameHostImpl::MaybeGenerateCrashReport url = about:blank, status = 2, exit_code = 9
[161484:0912/105252.188408:INFO:render_frame_host_impl.cc(11664)] RenderFrameHostImpl::MaybeGenerateCrashReport url = about:blank, status = 2, exit_code = 9
[161484:0912/105252.188516:INFO:render_frame_host_impl.cc(11664)] RenderFrameHostImpl::MaybeGenerateCrashReport url = about:blank, status = 2, exit_code = 9
[305735:0912/105333.739928:WARNING:bluez_dbus_manager.cc(247)] Floss manager not present, cannot set Floss enable/disable.
[305735:0912/105333.769194:ERROR:browser_main_loop.cc(270)] Gtk: gtk_widget_add_accelerator: assertion 'GTK_IS_ACCEL_GROUP (accel_group)' failed
[305735:0912/105333.769639:ERROR:browser_main_loop.cc(270)] Gtk: gtk_widget_add_accelerator: assertion 'GTK_IS_ACCEL_GROUP (accel_group)' failed
[305735:0912/105333.771076:ERROR:browser_main_loop.cc(270)] Gtk: gtk_widget_add_accelerator: assertion 'GTK_IS_ACCEL_GROUP (accel_group)' failed
[305735:0912/105333.771467:ERROR:browser_main_loop.cc(270)] Gtk: gtk_widget_add_accelerator: assertion 'GTK_IS_ACCEL_GROUP (accel_group)' failed
[305735:0912/105336.101922:ERROR:browser_main_loop.cc(270)] Gtk: gtk_widget_add_accelerator: assertion 'GTK_IS_ACCEL_GROUP (accel_group)' failed
[305735:0912/105336.162144:ERROR:browser_main_loop.cc(270)] Gtk: gtk_widget_add_accelerator: assertion 'GTK_IS_ACCEL_GROUP (accel_group)' failed
[305735:0912/105336.162552:ERROR:browser_main_loop.cc(270)] Gtk: gtk_widget_add_accelerator: assertion 'GTK_IS_ACCEL_GROUP (accel_group)' failed
[305735:0912/105338.514153:ERROR:browser_main_loop.cc(270)] Gtk: gtk_widget_add_accelerator: assertion 'GTK_IS_ACCEL_GROUP (accel_group)' failed
[305735:0912/105338.514818:ERROR:browser_main_loop.cc(270)] Gtk: gtk_widget_add_accelerator: assertion 'GTK_IS_ACCEL_GROUP (accel_group)' failed
[305774:0912/105341.302208:INFO:socket_udp.cc(373)] sendto() has failed twice returning a  transient error net::ERR_ACCESS_DENIED. Dropping the packet.
[305774:0912/105341.355962:INFO:socket_udp.cc(373)] sendto() has failed twice returning a  transient error net::ERR_ACCESS_DENIED. Dropping the packet.
[305774:0912/105341.552368:INFO:socket_udp.cc(373)] sendto() has failed twice returning a  transient error net::ERR_ACCESS_DENIED. Dropping the packet.
[305774:0912/105341.606052:INFO:socket_udp.cc(373)] sendto() has failed twice returning a  transient error net::ERR_ACCESS_DENIED. Dropping the packet.
[305774:0912/105342.052475:INFO:socket_udp.cc(373)] sendto() has failed twice returning a  transient error net::ERR_ACCESS_DENIED. Dropping the packet.
[305774:0912/105342.106214:INFO:socket_udp.cc(373)] sendto() has failed twice returning a  transient error net::ERR_ACCESS_DENIED. Dropping the packet.
[305774:0912/105343.052590:INFO:socket_udp.cc(373)] sendto() has failed twice returning a  transient error net::ERR_ACCESS_DENIED. Dropping the packet.
[305774:0912/105343.106437:INFO:socket_udp.cc(373)] sendto() has failed twice returning a  transient error net::ERR_ACCESS_DENIED. Dropping the packet.
[305774:0912/105345.052930:INFO:socket_udp.cc(373)] sendto() has failed twice returning a  transient error net::ERR_ACCESS_DENIED. Dropping the packet.
[305774:0912/105345.107275:INFO:socket_udp.cc(373)] sendto() has failed twice returning a  transient error net::ERR_ACCESS_DENIED. Dropping the packet.
[305735:0912/105346.511077:WARNING:x_server_pixel_buffer.cc(202)] Failed to get icc profile
[305735:0912/105348.767557:WARNING:x_server_pixel_buffer.cc(202)] Failed to get icc profile
[305735:0912/105349.007993:WARNING:x_server_pixel_buffer.cc(202)] Failed to get icc profile
[305774:0912/105349.052792:INFO:socket_udp.cc(373)] sendto() has failed twice returning a  transient error net::ERR_ACCESS_DENIED. Dropping the packet.
[305774:0912/105349.110343:INFO:socket_udp.cc(373)] sendto() has failed twice returning a  transient error net::ERR_ACCESS_DENIED. Dropping the packet.
[305774:0912/105350.221282:INFO:socket_udp.cc(373)] sendto() has failed twice returning a  transient error net::ERR_ACCESS_DENIED. Dropping the packet.
[305774:0912/105350.281268:INFO:socket_udp.cc(373)] sendto() has failed twice returning a  transient error net::ERR_ACCESS_DENIED. Dropping the packet.
[305774:0912/105350.471335:INFO:socket_udp.cc(373)] sendto() has failed twice returning a  transient error net::ERR_ACCESS_DENIED. Dropping the packet.
[305774:0912/105350.529860:INFO:socket_udp.cc(373)] sendto() has failed twice returning a  transient error net::ERR_ACCESS_DENIED. Dropping the packet.
[306013:0912/105351.309267:WARNING:sync_reader.cc(298)] SyncReader::Read timed out, audio glitch count=10
[306013:0912/105351.470028:WARNING:sync_reader.cc(298)] SyncReader::Read timed out, audio glitch count=10
[306013:0912/105351.770292:WARNING:sync_reader.cc(298)] SyncReader::Read timed out, audio glitch count=20
[306013:0912/105351.884423:WARNING:sync_reader.cc(298)] SyncReader::Read timed out, audio glitch count=20
[306013:0912/105352.229823:WARNING:sync_reader.cc(298)] SyncReader::Read timed out, audio glitch count=30
[306013:0912/105352.229820:WARNING:input_sync_writer.cc(302)] AISW: No room in fifo.
[306013:0912/105352.392728:WARNING:sync_reader.cc(298)] SyncReader::Read timed out, audio glitch count=30
[306013:0912/105352.381281:WARNING:input_sync_writer.cc(302)] AISW: No room in fifo.
[306013:0912/105352.647299:WARNING:input_sync_writer.cc(302)] AISW: No room in fifo.
[306013:0912/105352.840565:WARNING:input_sync_writer.cc(302)] AISW: No room in fifo.
[306013:0912/105352.912921:WARNING:sync_reader.cc(298)] SyncReader::Read timed out, audio glitch count=40
[306013:0912/105353.066175:WARNING:input_sync_writer.cc(302)] AISW: No room in fifo.
[306013:0912/105353.136227:WARNING:sync_reader.cc(298)] SyncReader::Read timed out, audio glitch count=40
[306013:0912/105353.349703:WARNING:input_sync_writer.cc(302)] AISW: No room in fifo.
[306013:0912/105353.561455:WARNING:input_sync_writer.cc(307)] AISW: Log cap reached, suppressing further fifo overflow logs.
[306013:0912/105353.575542:WARNING:sync_reader.cc(298)] SyncReader::Read timed out, audio glitch count=50
[306013:0912/105353.872738:WARNING:sync_reader.cc(298)] SyncReader::Read timed out, audio glitch count=50
[306013:0912/105354.183178:WARNING:sync_reader.cc(298)] SyncReader::Read timed out, audio glitch count=60
[306013:0912/105354.294531:WARNING:sync_reader.cc(298)] SyncReader::Read timed out, audio glitch count=60
[306013:0912/105354.965713:WARNING:sync_reader.cc(298)] SyncReader::Read timed out, audio glitch count=70
[306013:0912/105354.938460:WARNING:sync_reader.cc(298)] SyncReader::Read timed out, audio glitch count=70
[306013:0912/105355.527386:WARNING:sync_reader.cc(298)] SyncReader::Read timed out, audio glitch count=80
[306013:0912/105355.649887:WARNING:sync_reader.cc(298)] SyncReader::Read timed out, audio glitch count=80
[306013:0912/105356.282998:WARNING:sync_reader.cc(298)] SyncReader::Read timed out, audio glitch count=90
[306013:0912/105356.336833:WARNING:sync_reader.cc(298)] SyncReader::Read timed out, audio glitch count=90
[306013:0912/105356.897409:WARNING:sync_reader.cc(298)] SyncReader::Read timed out, audio glitch count=100
[306013:0912/105356.935069:WARNING:sync_reader.cc(298)] SyncReader::Read timed out, audio glitch count=100
[306013:0912/105356.957924:WARNING:sync_reader.cc(301)] (log cap reached, suppressing further logs)
[306013:0912/105356.957839:WARNING:sync_reader.cc(301)] (log cap reached, suppressing further logs)
[306013:0912/105411.399780:WARNING:sync_reader.cc(273)] ASR: No room in socket buffer.: Resource temporarily unavailable (11)
[306013:0912/105412.305780:WARNING:sync_reader.cc(273)] ASR: No room in socket buffer.: Resource temporarily unavailable (11)
[306013:0912/105414.032732:WARNING:sync_reader.cc(273)] ASR: No room in socket buffer.: Resource temporarily unavailable (11)
[306013:0912/105415.268602:WARNING:sync_reader.cc(273)] ASR: No room in socket buffer.: Resource temporarily unavailable (11)
[306013:0912/105415.691880:WARNING:sync_reader.cc(273)] ASR: No room in socket buffer.: Resource temporarily unavailable (11)
[306013:0912/105416.284164:WARNING:sync_reader.cc(273)] ASR: No room in socket buffer.: Resource temporarily unavailable (11)
[306013:0912/105416.284164:WARNING:sync_reader.cc(273)] ASR: No room in socket buffer.: Resource temporarily unavailable (11)
[306013:0912/105416.732771:WARNING:sync_reader.cc(273)] ASR: No room in socket buffer.: Resource temporarily unavailable (11)
[306013:0912/105417.326763:WARNING:sync_reader.cc(273)] ASR: No room in socket buffer.: Resource temporarily unavailable (11)
[306013:0912/105417.919299:WARNING:sync_reader.cc(273)] ASR: No room in socket buffer.: Resource temporarily unavailable (11)
[306013:0912/105417.920335:WARNING:sync_reader.cc(273)] ASR: No room in socket buffer.: Resource temporarily unavailable (11)
[306013:0912/105418.261843:WARNING:sync_reader.cc(273)] ASR: No room in socket buffer.: Resource temporarily unavailable (11)
[306013:0912/105418.782460:WARNING:sync_reader.cc(273)] ASR: No room in socket buffer.: Resource temporarily unavailable (11)
[306013:0912/105419.233030:WARNING:sync_reader.cc(273)] ASR: No room in socket buffer.: Resource temporarily unavailable (11)
[306013:0912/105419.826993:WARNING:sync_reader.cc(273)] ASR: No room in socket buffer.: Resource temporarily unavailable (11)
[306013:0912/105419.838191:WARNING:sync_reader.cc(273)] ASR: No room in socket buffer.: Resource temporarily unavailable (11)
[306013:0912/105420.179771:WARNING:sync_reader.cc(273)] ASR: No room in socket buffer.: Resource temporarily unavailable (11)
[306013:0912/105420.682486:WARNING:sync_reader.cc(273)] ASR: No room in socket buffer.: Resource temporarily unavailable (11)
[306013:0912/105421.192789:WARNING:sync_reader.cc(273)] ASR: No room in socket buffer.: Resource temporarily unavailable (11)
[306013:0912/105421.318626:WARNING:sync_reader.cc(273)] ASR: No room in socket buffer.: Resource temporarily unavailable (11)
[306013:0912/105421.609932:WARNING:sync_reader.cc(273)] ASR: No room in socket buffer.: Resource temporarily unavailable (11)
[306013:0912/105421.965700:WARNING:sync_reader.cc(273)] ASR: No room in socket buffer.: Resource temporarily unavailable (11)
[306013:0912/105422.372428:WARNING:sync_reader.cc(273)] ASR: No room in socket buffer.: Resource temporarily unavailable (11)
[306013:0912/105422.811781:WARNING:sync_reader.cc(273)] ASR: No room in socket buffer.: Resource temporarily unavailable (11)
[306013:0912/105423.185672:WARNING:sync_reader.cc(273)] ASR: No room in socket buffer.: Resource temporarily unavailable (11)
[306013:0912/105424.047168:WARNING:sync_reader.cc(273)] ASR: No room in socket buffer.: Resource temporarily unavailable (11)
[305774:0912/105424.217480:INFO:socket_udp.cc(373)] sendto() has failed twice returning a  transient error net::ERR_ACCESS_DENIED. Dropping the packet.
[305774:0912/105424.223210:INFO:socket_udp.cc(373)] sendto() has failed twice returning a  transient error net::ERR_ACCESS_DENIED. Dropping the packet.
[305774:0912/105424.245372:INFO:socket_udp.cc(373)] sendto() has failed twice returning a  transient error net::ERR_ACCESS_DENIED. Dropping the packet.
[305774:0912/105424.245433:INFO:socket_udp.cc(373)] sendto() has failed twice returning a  transient error net::ERR_ACCESS_DENIED. Dropping the packet.
[305774:0912/105424.251611:INFO:socket_udp.cc(373)] sendto() has failed twice returning a  transient error net::ERR_ACCESS_DENIED. Dropping the packet.
[305774:0912/105424.251827:INFO:socket_udp.cc(373)] sendto() has failed twice returning a  transient error net::ERR_ACCESS_DENIED. Dropping the packet.
[305774:0912/105424.252030:INFO:socket_udp.cc(373)] sendto() has failed twice returning a  transient error net::ERR_ACCESS_DENIED. Dropping the packet.
[305774:0912/105424.252072:INFO:socket_udp.cc(373)] sendto() has failed twice returning a  transient error net::ERR_ACCESS_DENIED. Dropping the packet.
[305735:0912/105424.658793:ERROR:gpu_process_host.cc(966)] GPU process exited unexpectedly: exit_code=512
[305735:0912/105424.659754:WARNING:gpu_process_host.cc(1268)] The GPU process has crashed 1 time(s)
[305735:0912/105425.175473:WARNING:gpu_process_host.cc(989)] Reinitialized the GPU process after a crash. The reported initialization time was 445 ms
[305774:0912/105428.234964:INFO:socket_udp.cc(373)] sendto() has failed twice returning a  transient error net::ERR_ACCESS_DENIED. Dropping the packet.
[305774:0912/105428.235388:INFO:socket_udp.cc(373)] sendto() has failed twice returning a  transient error net::ERR_ACCESS_DENIED. Dropping the packet.
[305774:0912/105450.551808:INFO:socket_udp.cc(373)] sendto() has failed twice returning a  transient error net::ERR_ACCESS_DENIED. Dropping the packet.
[305774:0912/105450.605867:INFO:socket_udp.cc(373)] sendto() has failed twice returning a  transient error net::ERR_ACCESS_DENIED. Dropping the packet.
[305774:0912/105450.801959:INFO:socket_udp.cc(373)] sendto() has failed twice returning a  transient error net::ERR_ACCESS_DENIED. Dropping the packet.
[305774:0912/105450.855997:INFO:socket_udp.cc(373)] sendto() has failed twice returning a  transient error net::ERR_ACCESS_DENIED. Dropping the packet.
[305774:0912/105451.302255:INFO:socket_udp.cc(373)] sendto() has failed twice returning a  transient error net::ERR_ACCESS_DENIED. Dropping the packet.
[305774:0912/105451.356146:INFO:socket_udp.cc(373)] sendto() has failed twice returning a  transient error net::ERR_ACCESS_DENIED. Dropping the packet.
[305774:0912/105452.302434:INFO:socket_udp.cc(373)] sendto() has failed twice returning a  transient error net::ERR_ACCESS_DENIED. Dropping the packet.
[305774:0912/105452.356367:INFO:socket_udp.cc(373)] sendto() has failed twice returning a  transient error net::ERR_ACCESS_DENIED. Dropping the packet.
[305774:0912/105454.302549:INFO:socket_udp.cc(373)] sendto() has failed twice returning a  transient error net::ERR_ACCESS_DENIED. Dropping the packet.
[305774:0912/105454.356495:INFO:socket_udp.cc(373)] sendto() has failed twice returning a  transient error net::ERR_ACCESS_DENIED. Dropping the packet.
[305774:0912/105458.302621:INFO:socket_udp.cc(373)] sendto() has failed twice returning a  transient error net::ERR_ACCESS_DENIED. Dropping the packet.
[305774:0912/105458.356568:INFO:socket_udp.cc(373)] sendto() has failed twice returning a  transient error net::ERR_ACCESS_DENIED. Dropping the packet.
[305774:0912/105506.302735:INFO:socket_udp.cc(373)] sendto() has failed twice returning a  transient error net::ERR_ACCESS_DENIED. Dropping the packet.
[305774:0912/105506.356731:INFO:socket_udp.cc(373)] sendto() has failed twice returning a  transient error net::ERR_ACCESS_DENIED. Dropping the packet.
[305774:0912/105514.302891:INFO:socket_udp.cc(373)] sendto() has failed twice returning a  transient error net::ERR_ACCESS_DENIED. Dropping the packet.
[305774:0912/105514.356913:INFO:socket_udp.cc(373)] sendto() has failed twice returning a  transient error net::ERR_ACCESS_DENIED. Dropping the packet.
[305774:0912/105522.302924:INFO:socket_udp.cc(373)] sendto() has failed twice returning a  transient error net::ERR_ACCESS_DENIED. Dropping the packet.
[305774:0912/105522.357034:INFO:socket_udp.cc(373)] sendto() has failed twice returning a  transient error net::ERR_ACCESS_DENIED. Dropping the packet.
[306840:0912/105552.015190:WARNING:bluez_dbus_manager.cc(247)] Floss manager not present, cannot set Floss enable/disable.
[306840:0912/105552.044490:ERROR:browser_main_loop.cc(270)] Gtk: gtk_widget_add_accelerator: assertion 'GTK_IS_ACCEL_GROUP (accel_group)' failed
[306840:0912/105552.044893:ERROR:browser_main_loop.cc(270)] Gtk: gtk_widget_add_accelerator: assertion 'GTK_IS_ACCEL_GROUP (accel_group)' failed
[306840:0912/105552.046116:ERROR:browser_main_loop.cc(270)] Gtk: gtk_widget_add_accelerator: assertion 'GTK_IS_ACCEL_GROUP (accel_group)' failed
[306840:0912/105552.046475:ERROR:browser_main_loop.cc(270)] Gtk: gtk_widget_add_accelerator: assertion 'GTK_IS_ACCEL_GROUP (accel_group)' failed
[306840:0912/105555.001944:ERROR:browser_main_loop.cc(270)] Gtk: gtk_widget_add_accelerator: assertion 'GTK_IS_ACCEL_GROUP (accel_group)' failed
[306840:0912/105555.052292:ERROR:browser_main_loop.cc(270)] Gtk: gtk_widget_add_accelerator: assertion 'GTK_IS_ACCEL_GROUP (accel_group)' failed
[306840:0912/105555.052601:ERROR:browser_main_loop.cc(270)] Gtk: gtk_widget_add_accelerator: assertion 'GTK_IS_ACCEL_GROUP (accel_group)' failed
[306840:0912/105557.040366:ERROR:browser_main_loop.cc(270)] Gtk: gtk_widget_add_accelerator: assertion 'GTK_IS_ACCEL_GROUP (accel_group)' failed
[306840:0912/105557.040744:ERROR:browser_main_loop.cc(270)] Gtk: gtk_widget_add_accelerator: assertion 'GTK_IS_ACCEL_GROUP (accel_group)' failed
[306881:0912/105558.739500:INFO:socket_udp.cc(373)] sendto() has failed twice returning a  transient error net::ERR_ACCESS_DENIED. Dropping the packet.
[306881:0912/105558.838617:INFO:socket_udp.cc(373)] sendto() has failed twice returning a  transient error net::ERR_ACCESS_DENIED. Dropping the packet.
[306881:0912/105558.989616:INFO:socket_udp.cc(373)] sendto() has failed twice returning a  transient error net::ERR_ACCESS_DENIED. Dropping the packet.
[306881:0912/105559.088737:INFO:socket_udp.cc(373)] sendto() has failed twice returning a  transient error net::ERR_ACCESS_DENIED. Dropping the packet.
[306881:0912/105559.489696:INFO:socket_udp.cc(373)] sendto() has failed twice returning a  transient error net::ERR_ACCESS_DENIED. Dropping the packet.
[306881:0912/105559.588933:INFO:socket_udp.cc(373)] sendto() has failed twice returning a  transient error net::ERR_ACCESS_DENIED. Dropping the packet.
[306881:0912/105600.489767:INFO:socket_udp.cc(373)] sendto() has failed twice returning a  transient error net::ERR_ACCESS_DENIED. Dropping the packet.
[306881:0912/105600.589146:INFO:socket_udp.cc(373)] sendto() has failed twice returning a  transient error net::ERR_ACCESS_DENIED. Dropping the packet.
[306840:0912/105601.412318:WARNING:x_server_pixel_buffer.cc(202)] Failed to get icc profile
[306881:0912/105602.489945:INFO:socket_udp.cc(373)] sendto() has failed twice returning a  transient error net::ERR_ACCESS_DENIED. Dropping the packet.
[306881:0912/105602.589285:INFO:socket_udp.cc(373)] sendto() has failed twice returning a  transient error net::ERR_ACCESS_DENIED. Dropping the packet.
[306840:0912/105602.936833:WARNING:x_server_pixel_buffer.cc(202)] Failed to get icc profile
[306840:0912/105603.148058:WARNING:x_server_pixel_buffer.cc(202)] Failed to get icc profile
[306881:0912/105603.523675:INFO:socket_udp.cc(373)] sendto() has failed twice returning a  transient error net::ERR_ACCESS_DENIED. Dropping the packet.
[306881:0912/105603.574553:INFO:socket_udp.cc(373)] sendto() has failed twice returning a  transient error net::ERR_ACCESS_DENIED. Dropping the packet.
[306881:0912/105603.773785:INFO:socket_udp.cc(373)] sendto() has failed twice returning a  transient error net::ERR_ACCESS_DENIED. Dropping the packet.
[306881:0912/105603.824722:INFO:socket_udp.cc(373)] sendto() has failed twice returning a  transient error net::ERR_ACCESS_DENIED. Dropping the packet.
[306881:0912/105604.273853:INFO:socket_udp.cc(373)] sendto() has failed twice returning a  transient error net::ERR_ACCESS_DENIED. Dropping the packet.
[306881:0912/105604.324844:INFO:socket_udp.cc(373)] sendto() has failed twice returning a  transient error net::ERR_ACCESS_DENIED. Dropping the packet.
[306881:0912/105605.274122:INFO:socket_udp.cc(373)] sendto() has failed twice returning a  transient error net::ERR_ACCESS_DENIED. Dropping the packet.
[306881:0912/105605.325028:INFO:socket_udp.cc(373)] sendto() has failed twice returning a  transient error net::ERR_ACCESS_DENIED. Dropping the packet.
[306881:0912/105606.490016:INFO:socket_udp.cc(373)] sendto() has failed twice returning a  transient error net::ERR_ACCESS_DENIED. Dropping the packet.
[306881:0912/105606.589391:INFO:socket_udp.cc(373)] sendto() has failed twice returning a  transient error net::ERR_ACCESS_DENIED. Dropping the packet.
[306881:0912/105607.274175:INFO:socket_udp.cc(373)] sendto() has failed twice returning a  transient error net::ERR_ACCESS_DENIED. Dropping the packet.
[306881:0912/105607.325122:INFO:socket_udp.cc(373)] sendto() has failed twice returning a  transient error net::ERR_ACCESS_DENIED. Dropping the packet.
[306881:0912/105611.274423:INFO:socket_udp.cc(373)] sendto() has failed twice returning a  transient error net::ERR_ACCESS_DENIED. Dropping the packet.
[306881:0912/105611.325283:INFO:socket_udp.cc(373)] sendto() has failed twice returning a  transient error net::ERR_ACCESS_DENIED. Dropping the packet.
[306881:0912/105614.490213:INFO:socket_udp.cc(373)] sendto() has failed twice returning a  transient error net::ERR_ACCESS_DENIED. Dropping the packet.
[306881:0912/105614.589704:INFO:socket_udp.cc(373)] sendto() has failed twice returning a  transient error net::ERR_ACCESS_DENIED. Dropping the packet.
[306881:0912/105619.274546:INFO:socket_udp.cc(373)] sendto() has failed twice returning a  transient error net::ERR_ACCESS_DENIED. Dropping the packet.
[306881:0912/105619.325442:INFO:socket_udp.cc(373)] sendto() has failed twice returning a  transient error net::ERR_ACCESS_DENIED. Dropping the packet.
[306881:0912/105622.490345:INFO:socket_udp.cc(373)] sendto() has failed twice returning a  transient error net::ERR_ACCESS_DENIED. Dropping the packet.
[306881:0912/105622.589707:INFO:socket_udp.cc(373)] sendto() has failed twice returning a  transient error net::ERR_ACCESS_DENIED. Dropping the packet.
[306881:0912/105627.274907:INFO:socket_udp.cc(373)] sendto() has failed twice returning a  transient error net::ERR_ACCESS_DENIED. Dropping the packet.
[306881:0912/105627.325902:INFO:socket_udp.cc(373)] sendto() has failed twice returning a  transient error net::ERR_ACCESS_DENIED. Dropping the packet.
[306881:0912/105630.490330:INFO:socket_udp.cc(373)] sendto() has failed twice returning a  transient error net::ERR_ACCESS_DENIED. Dropping the packet.
[306881:0912/105630.589888:INFO:socket_udp.cc(373)] sendto() has failed twice returning a  transient error net::ERR_ACCESS_DENIED. Dropping the packet.
[306881:0912/105635.275052:INFO:socket_udp.cc(373)] sendto() has failed twice returning a  transient error net::ERR_ACCESS_DENIED. Dropping the packet.
[306881:0912/105635.325881:INFO:socket_udp.cc(373)] sendto() has failed twice returning a  transient error net::ERR_ACCESS_DENIED. Dropping the packet.
[250135:0912/173336.172783:WARNING:bluez_dbus_manager.cc(247)] Floss manager not present, cannot set Floss enable/disable.
[250135:0912/173336.203143:ERROR:browser_main_loop.cc(270)] Gtk: gtk_widget_add_accelerator: assertion 'GTK_IS_ACCEL_GROUP (accel_group)' failed
[250135:0912/173336.203589:ERROR:browser_main_loop.cc(270)] Gtk: gtk_widget_add_accelerator: assertion 'GTK_IS_ACCEL_GROUP (accel_group)' failed
[250135:0912/173336.204908:ERROR:browser_main_loop.cc(270)] Gtk: gtk_widget_add_accelerator: assertion 'GTK_IS_ACCEL_GROUP (accel_group)' failed
[250135:0912/173336.205176:ERROR:browser_main_loop.cc(270)] Gtk: gtk_widget_add_accelerator: assertion 'GTK_IS_ACCEL_GROUP (accel_group)' failed
[250135:0912/173338.782178:ERROR:browser_main_loop.cc(270)] Gtk: gtk_widget_add_accelerator: assertion 'GTK_IS_ACCEL_GROUP (accel_group)' failed
[250135:0912/173338.890912:ERROR:browser_main_loop.cc(270)] Gtk: gtk_widget_add_accelerator: assertion 'GTK_IS_ACCEL_GROUP (accel_group)' failed
[250135:0912/173338.891660:ERROR:browser_main_loop.cc(270)] Gtk: gtk_widget_add_accelerator: assertion 'GTK_IS_ACCEL_GROUP (accel_group)' failed
[250135:0912/173341.718962:ERROR:browser_main_loop.cc(270)] Gtk: gtk_widget_add_accelerator: assertion 'GTK_IS_ACCEL_GROUP (accel_group)' failed
[250135:0912/173341.719308:ERROR:browser_main_loop.cc(270)] Gtk: gtk_widget_add_accelerator: assertion 'GTK_IS_ACCEL_GROUP (accel_group)' failed
[250135:0912/173344.520742:ERROR:browser_main_loop.cc(270)] Gtk: gtk_widget_add_accelerator: assertion 'GTK_IS_ACCEL_GROUP (accel_group)' failed
[250135:0912/173344.651915:ERROR:browser_main_loop.cc(270)] Gtk: gtk_widget_add_accelerator: assertion 'GTK_IS_ACCEL_GROUP (accel_group)' failed
[250135:0912/173344.652345:ERROR:browser_main_loop.cc(270)] Gtk: gtk_widget_add_accelerator: assertion 'GTK_IS_ACCEL_GROUP (accel_group)' failed
[250135:0912/173347.144789:ERROR:browser_main_loop.cc(270)] Gtk: gtk_widget_add_accelerator: assertion 'GTK_IS_ACCEL_GROUP (accel_group)' failed
[250135:0912/173347.145203:ERROR:browser_main_loop.cc(270)] Gtk: gtk_widget_add_accelerator: assertion 'GTK_IS_ACCEL_GROUP (accel_group)' failed
[250135:0912/185044.619412:ERROR:libnotify_notification.cc(49)] notify_notification_show: domain=1569 code=2 message="GDBus.Error:org.freedesktop.DBus.Error.ServiceUnknown: The name org.freedesktop.Notifications was not provided by any .service files"
[250135:0912/185454.244924:ERROR:libnotify_notification.cc(49)] notify_notification_show: domain=1569 code=2 message="GDBus.Error:org.freedesktop.DBus.Error.ServiceUnknown: The name org.freedesktop.Notifications was not provided by any .service files"
[250135:0912/185550.559075:ERROR:libnotify_notification.cc(49)] notify_notification_show: domain=1569 code=2 message="GDBus.Error:org.freedesktop.DBus.Error.ServiceUnknown: The name org.freedesktop.Notifications was not provided by any .service files"
[250135:0912/192217.835644:ERROR:libnotify_notification.cc(49)] notify_notification_show: domain=1569 code=2 message="GDBus.Error:org.freedesktop.DBus.Error.ServiceUnknown: The name org.freedesktop.Notifications was not provided by any .service files"
[13790:0913/091628.813253:WARNING:bluez_dbus_manager.cc(247)] Floss manager not present, cannot set Floss enable/disable.
[13790:0913/091628.843837:ERROR:browser_main_loop.cc(270)] Gtk: gtk_widget_add_accelerator: assertion 'GTK_IS_ACCEL_GROUP (accel_group)' failed
[13790:0913/091628.844263:ERROR:browser_main_loop.cc(270)] Gtk: gtk_widget_add_accelerator: assertion 'GTK_IS_ACCEL_GROUP (accel_group)' failed
[13790:0913/091628.845847:ERROR:browser_main_loop.cc(270)] Gtk: gtk_widget_add_accelerator: assertion 'GTK_IS_ACCEL_GROUP (accel_group)' failed
[13790:0913/091628.846309:ERROR:browser_main_loop.cc(270)] Gtk: gtk_widget_add_accelerator: assertion 'GTK_IS_ACCEL_GROUP (accel_group)' failed
[13790:0913/091631.172599:ERROR:browser_main_loop.cc(270)] Gtk: gtk_widget_add_accelerator: assertion 'GTK_IS_ACCEL_GROUP (accel_group)' failed
[13790:0913/091631.227019:ERROR:browser_main_loop.cc(270)] Gtk: gtk_widget_add_accelerator: assertion 'GTK_IS_ACCEL_GROUP (accel_group)' failed
[13790:0913/091631.227507:ERROR:browser_main_loop.cc(270)] Gtk: gtk_widget_add_accelerator: assertion 'GTK_IS_ACCEL_GROUP (accel_group)' failed
[13790:0913/091632.851075:ERROR:browser_main_loop.cc(270)] Gtk: gtk_widget_add_accelerator: assertion 'GTK_IS_ACCEL_GROUP (accel_group)' failed
[13790:0913/091632.851580:ERROR:browser_main_loop.cc(270)] Gtk: gtk_widget_add_accelerator: assertion 'GTK_IS_ACCEL_GROUP (accel_group)' failed
[13790:0913/132442.223294:INFO:render_frame_host_impl.cc(11664)] RenderFrameHostImpl::MaybeGenerateCrashReport url = https://app.slack.com/client/T03VAV79JTS/C03UPN3JL2G/thread/C03UPN3JL2G-1663032137.703229, status = 2, exit_code = 9
[299006:0914/145143.540210:WARNING:bluez_dbus_manager.cc(247)] Floss manager not present, cannot set Floss enable/disable.
[299006:0914/145143.570464:ERROR:browser_main_loop.cc(270)] Gtk: gtk_widget_add_accelerator: assertion 'GTK_IS_ACCEL_GROUP (accel_group)' failed
[299006:0914/145143.570904:ERROR:browser_main_loop.cc(270)] Gtk: gtk_widget_add_accelerator: assertion 'GTK_IS_ACCEL_GROUP (accel_group)' failed
[299006:0914/145143.572335:ERROR:browser_main_loop.cc(270)] Gtk: gtk_widget_add_accelerator: assertion 'GTK_IS_ACCEL_GROUP (accel_group)' failed
[299006:0914/145143.572626:ERROR:browser_main_loop.cc(270)] Gtk: gtk_widget_add_accelerator: assertion 'GTK_IS_ACCEL_GROUP (accel_group)' failed
[299006:0914/145145.870951:ERROR:browser_main_loop.cc(270)] Gtk: gtk_widget_add_accelerator: assertion 'GTK_IS_ACCEL_GROUP (accel_group)' failed
[299006:0914/145145.929911:ERROR:browser_main_loop.cc(270)] Gtk: gtk_widget_add_accelerator: assertion 'GTK_IS_ACCEL_GROUP (accel_group)' failed
[299006:0914/145145.930235:ERROR:browser_main_loop.cc(270)] Gtk: gtk_widget_add_accelerator: assertion 'GTK_IS_ACCEL_GROUP (accel_group)' failed
[299006:0914/145147.377917:ERROR:browser_main_loop.cc(270)] Gtk: gtk_widget_add_accelerator: assertion 'GTK_IS_ACCEL_GROUP (accel_group)' failed
[299006:0914/145147.378530:ERROR:browser_main_loop.cc(270)] Gtk: gtk_widget_add_accelerator: assertion 'GTK_IS_ACCEL_GROUP (accel_group)' failed
[299070:0914/145148.465705:WARNING:spdy_session.cc(3502)] Received HEADERS for invalid stream 3
[299070:0914/145148.465787:WARNING:spdy_session.cc(3502)] Received HEADERS for invalid stream 9
[299070:0914/145148.465798:WARNING:spdy_session.cc(3502)] Received HEADERS for invalid stream 7
[299070:0914/145148.466564:WARNING:spdy_session.cc(3502)] Received HEADERS for invalid stream 5
[299006:0914/145150.642594:ERROR:browser_main_loop.cc(270)] Gtk: gtk_widget_add_accelerator: assertion 'GTK_IS_ACCEL_GROUP (accel_group)' failed
[299006:0914/145150.769991:ERROR:browser_main_loop.cc(270)] Gtk: gtk_widget_add_accelerator: assertion 'GTK_IS_ACCEL_GROUP (accel_group)' failed
[299006:0914/145150.770353:ERROR:browser_main_loop.cc(270)] Gtk: gtk_widget_add_accelerator: assertion 'GTK_IS_ACCEL_GROUP (accel_group)' failed
[299006:0914/145152.712148:ERROR:browser_main_loop.cc(270)] Gtk: gtk_widget_add_accelerator: assertion 'GTK_IS_ACCEL_GROUP (accel_group)' failed
[299006:0914/145152.712504:ERROR:browser_main_loop.cc(270)] Gtk: gtk_widget_add_accelerator: assertion 'GTK_IS_ACCEL_GROUP (accel_group)' failed
[64420:0915/093146.089656:WARNING:bluez_dbus_manager.cc(247)] Floss manager not present, cannot set Floss enable/disable.
[64420:0915/093146.120321:ERROR:browser_main_loop.cc(270)] Gtk: gtk_widget_add_accelerator: assertion 'GTK_IS_ACCEL_GROUP (accel_group)' failed
[64420:0915/093146.120714:ERROR:browser_main_loop.cc(270)] Gtk: gtk_widget_add_accelerator: assertion 'GTK_IS_ACCEL_GROUP (accel_group)' failed
[64420:0915/093146.122025:ERROR:browser_main_loop.cc(270)] Gtk: gtk_widget_add_accelerator: assertion 'GTK_IS_ACCEL_GROUP (accel_group)' failed
[64420:0915/093146.122284:ERROR:browser_main_loop.cc(270)] Gtk: gtk_widget_add_accelerator: assertion 'GTK_IS_ACCEL_GROUP (accel_group)' failed
[64420:0915/093148.381469:ERROR:browser_main_loop.cc(270)] Gtk: gtk_widget_add_accelerator: assertion 'GTK_IS_ACCEL_GROUP (accel_group)' failed
[64420:0915/093148.426262:ERROR:browser_main_loop.cc(270)] Gtk: gtk_widget_add_accelerator: assertion 'GTK_IS_ACCEL_GROUP (accel_group)' failed
[64420:0915/093148.426600:ERROR:browser_main_loop.cc(270)] Gtk: gtk_widget_add_accelerator: assertion 'GTK_IS_ACCEL_GROUP (accel_group)' failed
[64420:0915/093150.165116:ERROR:browser_main_loop.cc(270)] Gtk: gtk_widget_add_accelerator: assertion 'GTK_IS_ACCEL_GROUP (accel_group)' failed
[64420:0915/093150.165504:ERROR:browser_main_loop.cc(270)] Gtk: gtk_widget_add_accelerator: assertion 'GTK_IS_ACCEL_GROUP (accel_group)' failed
[64420:0915/112609.033867:ERROR:libnotify_notification.cc(49)] notify_notification_show: domain=1569 code=2 message="GDBus.Error:org.freedesktop.DBus.Error.ServiceUnknown: The name org.freedesktop.Notifications was not provided by any .service files"
[64420:0915/121025.357019:ERROR:libnotify_notification.cc(49)] notify_notification_show: domain=1569 code=2 message="GDBus.Error:org.freedesktop.DBus.Error.ServiceUnknown: The name org.freedesktop.Notifications was not provided by any .service files"
[134457:0916/154445.389885:WARNING:bluez_dbus_manager.cc(247)] Floss manager not present, cannot set Floss enable/disable.
[134457:0916/154445.422173:ERROR:browser_main_loop.cc(270)] Gtk: gtk_widget_add_accelerator: assertion 'GTK_IS_ACCEL_GROUP (accel_group)' failed
[134457:0916/154445.422646:ERROR:browser_main_loop.cc(270)] Gtk: gtk_widget_add_accelerator: assertion 'GTK_IS_ACCEL_GROUP (accel_group)' failed
[134457:0916/154445.423865:ERROR:browser_main_loop.cc(270)] Gtk: gtk_widget_add_accelerator: assertion 'GTK_IS_ACCEL_GROUP (accel_group)' failed
[134457:0916/154445.424127:ERROR:browser_main_loop.cc(270)] Gtk: gtk_widget_add_accelerator: assertion 'GTK_IS_ACCEL_GROUP (accel_group)' failed
[134457:0916/154447.722365:ERROR:browser_main_loop.cc(270)] Gtk: gtk_widget_add_accelerator: assertion 'GTK_IS_ACCEL_GROUP (accel_group)' failed
[134457:0916/154447.770590:ERROR:browser_main_loop.cc(270)] Gtk: gtk_widget_add_accelerator: assertion 'GTK_IS_ACCEL_GROUP (accel_group)' failed
[134457:0916/154447.771130:ERROR:browser_main_loop.cc(270)] Gtk: gtk_widget_add_accelerator: assertion 'GTK_IS_ACCEL_GROUP (accel_group)' failed
[134457:0916/154449.026282:ERROR:browser_main_loop.cc(270)] Gtk: gtk_widget_add_accelerator: assertion 'GTK_IS_ACCEL_GROUP (accel_group)' failed
[134457:0916/154449.026647:ERROR:browser_main_loop.cc(270)] Gtk: gtk_widget_add_accelerator: assertion 'GTK_IS_ACCEL_GROUP (accel_group)' failed
[134457:0916/194243.051924:ERROR:browser_main_loop.cc(270)] Gtk: gtk_widget_add_accelerator: assertion 'GTK_IS_ACCEL_GROUP (accel_group)' failed
[134457:0916/194243.186610:ERROR:browser_main_loop.cc(270)] Gtk: gtk_widget_add_accelerator: assertion 'GTK_IS_ACCEL_GROUP (accel_group)' failed
[134457:0916/194243.186918:ERROR:browser_main_loop.cc(270)] Gtk: gtk_widget_add_accelerator: assertion 'GTK_IS_ACCEL_GROUP (accel_group)' failed
[134457:0916/194244.966156:ERROR:browser_main_loop.cc(270)] Gtk: gtk_widget_add_accelerator: assertion 'GTK_IS_ACCEL_GROUP (accel_group)' failed
[134457:0916/194244.966578:ERROR:browser_main_loop.cc(270)] Gtk: gtk_widget_add_accelerator: assertion 'GTK_IS_ACCEL_GROUP (accel_group)' failed
[195041:0917/005058.203476:WARNING:bluez_dbus_manager.cc(247)] Floss manager not present, cannot set Floss enable/disable.
[195041:0917/005058.233605:ERROR:browser_main_loop.cc(270)] Gtk: gtk_widget_add_accelerator: assertion 'GTK_IS_ACCEL_GROUP (accel_group)' failed
[195041:0917/005058.234169:ERROR:browser_main_loop.cc(270)] Gtk: gtk_widget_add_accelerator: assertion 'GTK_IS_ACCEL_GROUP (accel_group)' failed
[195041:0917/005058.235482:ERROR:browser_main_loop.cc(270)] Gtk: gtk_widget_add_accelerator: assertion 'GTK_IS_ACCEL_GROUP (accel_group)' failed
[195041:0917/005058.235751:ERROR:browser_main_loop.cc(270)] Gtk: gtk_widget_add_accelerator: assertion 'GTK_IS_ACCEL_GROUP (accel_group)' failed
[195041:0917/005100.502825:ERROR:browser_main_loop.cc(270)] Gtk: gtk_widget_add_accelerator: assertion 'GTK_IS_ACCEL_GROUP (accel_group)' failed
[195041:0917/005100.549758:ERROR:browser_main_loop.cc(270)] Gtk: gtk_widget_add_accelerator: assertion 'GTK_IS_ACCEL_GROUP (accel_group)' failed
[195041:0917/005100.550057:ERROR:browser_main_loop.cc(270)] Gtk: gtk_widget_add_accelerator: assertion 'GTK_IS_ACCEL_GROUP (accel_group)' failed
[195041:0917/005102.112330:ERROR:browser_main_loop.cc(270)] Gtk: gtk_widget_add_accelerator: assertion 'GTK_IS_ACCEL_GROUP (accel_group)' failed
[195041:0917/005102.112655:ERROR:browser_main_loop.cc(270)] Gtk: gtk_widget_add_accelerator: assertion 'GTK_IS_ACCEL_GROUP (accel_group)' failed
[97779:0917/101236.345759:WARNING:bluez_dbus_manager.cc(247)] Floss manager not present, cannot set Floss enable/disable.
[97779:0917/101236.376575:ERROR:browser_main_loop.cc(270)] Gtk: gtk_widget_add_accelerator: assertion 'GTK_IS_ACCEL_GROUP (accel_group)' failed
[97779:0917/101236.377004:ERROR:browser_main_loop.cc(270)] Gtk: gtk_widget_add_accelerator: assertion 'GTK_IS_ACCEL_GROUP (accel_group)' failed
[97779:0917/101236.378329:ERROR:browser_main_loop.cc(270)] Gtk: gtk_widget_add_accelerator: assertion 'GTK_IS_ACCEL_GROUP (accel_group)' failed
[97779:0917/101236.378641:ERROR:browser_main_loop.cc(270)] Gtk: gtk_widget_add_accelerator: assertion 'GTK_IS_ACCEL_GROUP (accel_group)' failed
[97779:0917/101238.839334:ERROR:browser_main_loop.cc(270)] Gtk: gtk_widget_add_accelerator: assertion 'GTK_IS_ACCEL_GROUP (accel_group)' failed
[97779:0917/101238.891066:ERROR:browser_main_loop.cc(270)] Gtk: gtk_widget_add_accelerator: assertion 'GTK_IS_ACCEL_GROUP (accel_group)' failed
[97779:0917/101238.891388:ERROR:browser_main_loop.cc(270)] Gtk: gtk_widget_add_accelerator: assertion 'GTK_IS_ACCEL_GROUP (accel_group)' failed
[97779:0917/101240.273033:ERROR:browser_main_loop.cc(270)] Gtk: gtk_widget_add_accelerator: assertion 'GTK_IS_ACCEL_GROUP (accel_group)' failed
[97779:0917/101240.273331:ERROR:browser_main_loop.cc(270)] Gtk: gtk_widget_add_accelerator: assertion 'GTK_IS_ACCEL_GROUP (accel_group)' failed
[49612:0917/212621.348740:WARNING:bluez_dbus_manager.cc(247)] Floss manager not present, cannot set Floss enable/disable.
[49612:0917/212621.379230:ERROR:browser_main_loop.cc(270)] Gtk: gtk_widget_add_accelerator: assertion 'GTK_IS_ACCEL_GROUP (accel_group)' failed
[49612:0917/212621.379723:ERROR:browser_main_loop.cc(270)] Gtk: gtk_widget_add_accelerator: assertion 'GTK_IS_ACCEL_GROUP (accel_group)' failed
[49612:0917/212621.381266:ERROR:browser_main_loop.cc(270)] Gtk: gtk_widget_add_accelerator: assertion 'GTK_IS_ACCEL_GROUP (accel_group)' failed
[49612:0917/212621.381537:ERROR:browser_main_loop.cc(270)] Gtk: gtk_widget_add_accelerator: assertion 'GTK_IS_ACCEL_GROUP (accel_group)' failed
[49612:0917/212623.754511:ERROR:browser_main_loop.cc(270)] Gtk: gtk_widget_add_accelerator: assertion 'GTK_IS_ACCEL_GROUP (accel_group)' failed
[49612:0917/212623.801814:ERROR:browser_main_loop.cc(270)] Gtk: gtk_widget_add_accelerator: assertion 'GTK_IS_ACCEL_GROUP (accel_group)' failed
[49612:0917/212623.802112:ERROR:browser_main_loop.cc(270)] Gtk: gtk_widget_add_accelerator: assertion 'GTK_IS_ACCEL_GROUP (accel_group)' failed
[49612:0917/212625.650707:ERROR:browser_main_loop.cc(270)] Gtk: gtk_widget_add_accelerator: assertion 'GTK_IS_ACCEL_GROUP (accel_group)' failed
[49612:0917/212625.651208:ERROR:browser_main_loop.cc(270)] Gtk: gtk_widget_add_accelerator: assertion 'GTK_IS_ACCEL_GROUP (accel_group)' failed
[49612:0917/221059.728249:ERROR:libnotify_notification.cc(49)] notify_notification_show: domain=1569 code=2 message="GDBus.Error:org.freedesktop.DBus.Error.ServiceUnknown: The name org.freedesktop.Notifications was not provided by any .service files"
[395058:0918/144621.062750:WARNING:bluez_dbus_manager.cc(247)] Floss manager not present, cannot set Floss enable/disable.
[395058:0918/144621.096041:ERROR:browser_main_loop.cc(270)] Gtk: gtk_widget_add_accelerator: assertion 'GTK_IS_ACCEL_GROUP (accel_group)' failed
[395058:0918/144621.096443:ERROR:browser_main_loop.cc(270)] Gtk: gtk_widget_add_accelerator: assertion 'GTK_IS_ACCEL_GROUP (accel_group)' failed
[395058:0918/144621.097778:ERROR:browser_main_loop.cc(270)] Gtk: gtk_widget_add_accelerator: assertion 'GTK_IS_ACCEL_GROUP (accel_group)' failed
[395058:0918/144621.098040:ERROR:browser_main_loop.cc(270)] Gtk: gtk_widget_add_accelerator: assertion 'GTK_IS_ACCEL_GROUP (accel_group)' failed
[395058:0918/144623.430879:ERROR:browser_main_loop.cc(270)] Gtk: gtk_widget_add_accelerator: assertion 'GTK_IS_ACCEL_GROUP (accel_group)' failed
[395058:0918/144623.495600:ERROR:browser_main_loop.cc(270)] Gtk: gtk_widget_add_accelerator: assertion 'GTK_IS_ACCEL_GROUP (accel_group)' failed
[395058:0918/144623.495927:ERROR:browser_main_loop.cc(270)] Gtk: gtk_widget_add_accelerator: assertion 'GTK_IS_ACCEL_GROUP (accel_group)' failed
[395058:0918/144625.102226:ERROR:browser_main_loop.cc(270)] Gtk: gtk_widget_add_accelerator: assertion 'GTK_IS_ACCEL_GROUP (accel_group)' failed
[395058:0918/144625.102545:ERROR:browser_main_loop.cc(270)] Gtk: gtk_widget_add_accelerator: assertion 'GTK_IS_ACCEL_GROUP (accel_group)' failed
[269192:0919/185407.259816:WARNING:bluez_dbus_manager.cc(247)] Floss manager not present, cannot set Floss enable/disable.
[269192:0919/185407.290702:ERROR:browser_main_loop.cc(270)] Gtk: gtk_widget_add_accelerator: assertion 'GTK_IS_ACCEL_GROUP (accel_group)' failed
[269192:0919/185407.291101:ERROR:browser_main_loop.cc(270)] Gtk: gtk_widget_add_accelerator: assertion 'GTK_IS_ACCEL_GROUP (accel_group)' failed
[269192:0919/185407.292339:ERROR:browser_main_loop.cc(270)] Gtk: gtk_widget_add_accelerator: assertion 'GTK_IS_ACCEL_GROUP (accel_group)' failed
[269192:0919/185407.292604:ERROR:browser_main_loop.cc(270)] Gtk: gtk_widget_add_accelerator: assertion 'GTK_IS_ACCEL_GROUP (accel_group)' failed
[269192:0919/185409.841888:ERROR:browser_main_loop.cc(270)] Gtk: gtk_widget_add_accelerator: assertion 'GTK_IS_ACCEL_GROUP (accel_group)' failed
[269192:0919/185409.890144:ERROR:browser_main_loop.cc(270)] Gtk: gtk_widget_add_accelerator: assertion 'GTK_IS_ACCEL_GROUP (accel_group)' failed
[269192:0919/185409.890482:ERROR:browser_main_loop.cc(270)] Gtk: gtk_widget_add_accelerator: assertion 'GTK_IS_ACCEL_GROUP (accel_group)' failed
[269192:0919/185411.199354:ERROR:browser_main_loop.cc(270)] Gtk: gtk_widget_add_accelerator: assertion 'GTK_IS_ACCEL_GROUP (accel_group)' failed
[269192:0919/185411.199928:ERROR:browser_main_loop.cc(270)] Gtk: gtk_widget_add_accelerator: assertion 'GTK_IS_ACCEL_GROUP (accel_group)' failed
[269192:0919/185542.518655:ERROR:libnotify_notification.cc(49)] notify_notification_show: domain=1530 code=2 message="GDBus.Error:org.freedesktop.DBus.Error.ServiceUnknown: The name org.freedesktop.Notifications was not provided by any .service files"
[269192:0919/185600.003682:ERROR:libnotify_notification.cc(49)] notify_notification_show: domain=1530 code=2 message="GDBus.Error:org.freedesktop.DBus.Error.ServiceUnknown: The name org.freedesktop.Notifications was not provided by any .service files"
[15814:0921/133442.229122:WARNING:bluez_dbus_manager.cc(247)] Floss manager not present, cannot set Floss enable/disable.
[15814:0921/133442.259532:ERROR:browser_main_loop.cc(270)] Gtk: gtk_widget_add_accelerator: assertion 'GTK_IS_ACCEL_GROUP (accel_group)' failed
[15814:0921/133442.259931:ERROR:browser_main_loop.cc(270)] Gtk: gtk_widget_add_accelerator: assertion 'GTK_IS_ACCEL_GROUP (accel_group)' failed
[15814:0921/133442.261324:ERROR:browser_main_loop.cc(270)] Gtk: gtk_widget_add_accelerator: assertion 'GTK_IS_ACCEL_GROUP (accel_group)' failed
[15814:0921/133442.261614:ERROR:browser_main_loop.cc(270)] Gtk: gtk_widget_add_accelerator: assertion 'GTK_IS_ACCEL_GROUP (accel_group)' failed
[15814:0921/133444.848549:ERROR:browser_main_loop.cc(270)] Gtk: gtk_widget_add_accelerator: assertion 'GTK_IS_ACCEL_GROUP (accel_group)' failed
[15814:0921/133444.976220:ERROR:browser_main_loop.cc(270)] Gtk: gtk_widget_add_accelerator: assertion 'GTK_IS_ACCEL_GROUP (accel_group)' failed
[15814:0921/133444.976553:ERROR:browser_main_loop.cc(270)] Gtk: gtk_widget_add_accelerator: assertion 'GTK_IS_ACCEL_GROUP (accel_group)' failed
[15814:0921/133445.999306:ERROR:browser_main_loop.cc(270)] Gtk: gtk_widget_add_accelerator: assertion 'GTK_IS_ACCEL_GROUP (accel_group)' failed
[15814:0921/133445.999801:ERROR:browser_main_loop.cc(270)] Gtk: gtk_widget_add_accelerator: assertion 'GTK_IS_ACCEL_GROUP (accel_group)' failed
[15814:0921/154122.204881:ERROR:libnotify_notification.cc(49)] notify_notification_show: domain=1568 code=2 message="GDBus.Error:org.freedesktop.DBus.Error.ServiceUnknown: The name org.freedesktop.Notifications was not provided by any .service files"
[15814:0921/155707.726372:ERROR:libnotify_notification.cc(49)] notify_notification_show: domain=1568 code=2 message="GDBus.Error:org.freedesktop.DBus.Error.ServiceUnknown: The name org.freedesktop.Notifications was not provided by any .service files"
[15814:0921/205123.719742:ERROR:libnotify_notification.cc(49)] notify_notification_show: domain=1568 code=2 message="GDBus.Error:org.freedesktop.DBus.Error.ServiceUnknown: The name org.freedesktop.Notifications was not provided by any .service files"
[170718:0921/234551.572031:WARNING:bluez_dbus_manager.cc(247)] Floss manager not present, cannot set Floss enable/disable.
[170718:0921/234551.603122:ERROR:browser_main_loop.cc(270)] Gtk: gtk_widget_add_accelerator: assertion 'GTK_IS_ACCEL_GROUP (accel_group)' failed
[170718:0921/234551.603856:ERROR:browser_main_loop.cc(270)] Gtk: gtk_widget_add_accelerator: assertion 'GTK_IS_ACCEL_GROUP (accel_group)' failed
[170718:0921/234551.606389:ERROR:browser_main_loop.cc(270)] Gtk: gtk_widget_add_accelerator: assertion 'GTK_IS_ACCEL_GROUP (accel_group)' failed
[170718:0921/234551.606952:ERROR:browser_main_loop.cc(270)] Gtk: gtk_widget_add_accelerator: assertion 'GTK_IS_ACCEL_GROUP (accel_group)' failed
[170718:0921/234554.202272:ERROR:browser_main_loop.cc(270)] Gtk: gtk_widget_add_accelerator: assertion 'GTK_IS_ACCEL_GROUP (accel_group)' failed
[170718:0921/234554.261439:ERROR:browser_main_loop.cc(270)] Gtk: gtk_widget_add_accelerator: assertion 'GTK_IS_ACCEL_GROUP (accel_group)' failed
[170718:0921/234554.261941:ERROR:browser_main_loop.cc(270)] Gtk: gtk_widget_add_accelerator: assertion 'GTK_IS_ACCEL_GROUP (accel_group)' failed
[170718:0921/234555.976488:ERROR:browser_main_loop.cc(270)] Gtk: gtk_widget_add_accelerator: assertion 'GTK_IS_ACCEL_GROUP (accel_group)' failed
[170718:0921/234555.976926:ERROR:browser_main_loop.cc(270)] Gtk: gtk_widget_add_accelerator: assertion 'GTK_IS_ACCEL_GROUP (accel_group)' failed
[154238:0922/115813.903412:WARNING:bluez_dbus_manager.cc(247)] Floss manager not present, cannot set Floss enable/disable.
[154238:0922/115813.933751:ERROR:browser_main_loop.cc(270)] Gtk: gtk_widget_add_accelerator: assertion 'GTK_IS_ACCEL_GROUP (accel_group)' failed
[154238:0922/115813.934152:ERROR:browser_main_loop.cc(270)] Gtk: gtk_widget_add_accelerator: assertion 'GTK_IS_ACCEL_GROUP (accel_group)' failed
[154238:0922/115813.935348:ERROR:browser_main_loop.cc(270)] Gtk: gtk_widget_add_accelerator: assertion 'GTK_IS_ACCEL_GROUP (accel_group)' failed
[154238:0922/115813.935653:ERROR:browser_main_loop.cc(270)] Gtk: gtk_widget_add_accelerator: assertion 'GTK_IS_ACCEL_GROUP (accel_group)' failed
[154238:0922/115816.353210:ERROR:browser_main_loop.cc(270)] Gtk: gtk_widget_add_accelerator: assertion 'GTK_IS_ACCEL_GROUP (accel_group)' failed
[154238:0922/115816.399469:ERROR:browser_main_loop.cc(270)] Gtk: gtk_widget_add_accelerator: assertion 'GTK_IS_ACCEL_GROUP (accel_group)' failed
[154238:0922/115816.399895:ERROR:browser_main_loop.cc(270)] Gtk: gtk_widget_add_accelerator: assertion 'GTK_IS_ACCEL_GROUP (accel_group)' failed
[154238:0922/115818.362186:ERROR:browser_main_loop.cc(270)] Gtk: gtk_widget_add_accelerator: assertion 'GTK_IS_ACCEL_GROUP (accel_group)' failed
[154238:0922/115818.362761:ERROR:browser_main_loop.cc(270)] Gtk: gtk_widget_add_accelerator: assertion 'GTK_IS_ACCEL_GROUP (accel_group)' failed
