1671086820.927456 client started (55199): version 3.3a, socket /tmp/tmux-1000/default, protocol 8
1671086820.927498 on Linux 6.0.12-arch1-1 #1 SMP PREEMPT_DYNAMIC Thu, 08 Dec 2022 11:03:38 +0000
1671086820.927506 using libevent 2.1.12-stable (poll); ncurses 6.3
1671086820.927530 flags are 0x10010000
1671086820.927535 socket is /tmp/tmux-1000/default
1671086820.927553 trying connect
1671086820.927650 add peer 0x564b16855490: 6 ((nil))
1671086820.928142 sending message 100 to peer 0x564b16855490 (4 bytes)
1671086820.928151 sending message 111 to peer 0x564b16855490 (8 bytes)
1671086820.928158 sending message 101 to peer 0x564b16855490 (14 bytes)
1671086820.928164 sending message 109 to peer 0x564b16855490 (4 bytes)
1671086820.928170 sending message 102 to peer 0x564b16855490 (11 bytes)
1671086820.928175 sending message 108 to peer 0x564b16855490 (24 bytes)
1671086820.928180 sending message 112 to peer 0x564b16855490 (70 bytes)
1671086820.928186 sending message 112 to peer 0x564b16855490 (5 bytes)
1671086820.928191 sending message 112 to peer 0x564b16855490 (5 bytes)
1671086820.928195 sending message 112 to peer 0x564b16855490 (6 bytes)
1671086820.928200 sending message 112 to peer 0x564b16855490 (6 bytes)
1671086820.928205 sending message 112 to peer 0x564b16855490 (11 bytes)
1671086820.928209 sending message 112 to peer 0x564b16855490 (10 bytes)
1671086820.928214 sending message 112 to peer 0x564b16855490 (13 bytes)
1671086820.928218 sending message 112 to peer 0x564b16855490 (13 bytes)
1671086820.928224 sending message 112 to peer 0x564b16855490 (18 bytes)
1671086820.928229 sending message 112 to peer 0x564b16855490 (11 bytes)
1671086820.928234 sending message 112 to peer 0x564b16855490 (10 bytes)
1671086820.928239 sending message 112 to peer 0x564b16855490 (15 bytes)
1671086820.928243 sending message 112 to peer 0x564b16855490 (21 bytes)
1671086820.928248 sending message 112 to peer 0x564b16855490 (13 bytes)
1671086820.928253 sending message 112 to peer 0x564b16855490 (7 bytes)
1671086820.928258 sending message 112 to peer 0x564b16855490 (13 bytes)
1671086820.928263 sending message 112 to peer 0x564b16855490 (7 bytes)
1671086820.928268 sending message 112 to peer 0x564b16855490 (13 bytes)
1671086820.928272 sending message 112 to peer 0x564b16855490 (9 bytes)
1671086820.928277 sending message 112 to peer 0x564b16855490 (21 bytes)
1671086820.928282 sending message 112 to peer 0x564b16855490 (13 bytes)
1671086820.928287 sending message 112 to peer 0x564b16855490 (8 bytes)
1671086820.928291 sending message 112 to peer 0x564b16855490 (12 bytes)
1671086820.928296 sending message 112 to peer 0x564b16855490 (13 bytes)
1671086820.928301 sending message 112 to peer 0x564b16855490 (9 bytes)
1671086820.928305 sending message 112 to peer 0x564b16855490 (9 bytes)
1671086820.928310 sending message 112 to peer 0x564b16855490 (12 bytes)
1671086820.928314 sending message 112 to peer 0x564b16855490 (8 bytes)
1671086820.928319 sending message 112 to peer 0x564b16855490 (8 bytes)
1671086820.928324 sending message 112 to peer 0x564b16855490 (7 bytes)
1671086820.928329 sending message 112 to peer 0x564b16855490 (7 bytes)
1671086820.928333 sending message 112 to peer 0x564b16855490 (9 bytes)
1671086820.928338 sending message 112 to peer 0x564b16855490 (13 bytes)
1671086820.928343 sending message 112 to peer 0x564b16855490 (6 bytes)
1671086820.928348 sending message 112 to peer 0x564b16855490 (9 bytes)
1671086820.928353 sending message 112 to peer 0x564b16855490 (15 bytes)
1671086820.928358 sending message 112 to peer 0x564b16855490 (13 bytes)
1671086820.928362 sending message 112 to peer 0x564b16855490 (12 bytes)
1671086820.928367 sending message 112 to peer 0x564b16855490 (8 bytes)
1671086820.928372 sending message 112 to peer 0x564b16855490 (14 bytes)
1671086820.928377 sending message 112 to peer 0x564b16855490 (11 bytes)
1671086820.928381 sending message 112 to peer 0x564b16855490 (9 bytes)
1671086820.928386 sending message 112 to peer 0x564b16855490 (10 bytes)
1671086820.928390 sending message 112 to peer 0x564b16855490 (10 bytes)
1671086820.928395 sending message 112 to peer 0x564b16855490 (10 bytes)
1671086820.928410 sending message 112 to peer 0x564b16855490 (10 bytes)
1671086820.928415 sending message 112 to peer 0x564b16855490 (11 bytes)
1671086820.928420 sending message 112 to peer 0x564b16855490 (12 bytes)
1671086820.928425 sending message 112 to peer 0x564b16855490 (12 bytes)
1671086820.928429 sending message 112 to peer 0x564b16855490 (12 bytes)
1671086820.928434 sending message 112 to peer 0x564b16855490 (12 bytes)
1671086820.928439 sending message 112 to peer 0x564b16855490 (12 bytes)
1671086820.928443 sending message 112 to peer 0x564b16855490 (11 bytes)
1671086820.928448 sending message 112 to peer 0x564b16855490 (11 bytes)
1671086820.928453 sending message 112 to peer 0x564b16855490 (12 bytes)
1671086820.928457 sending message 112 to peer 0x564b16855490 (12 bytes)
1671086820.928462 sending message 112 to peer 0x564b16855490 (12 bytes)
1671086820.928466 sending message 112 to peer 0x564b16855490 (12 bytes)
1671086820.928471 sending message 112 to peer 0x564b16855490 (12 bytes)
1671086820.928476 sending message 112 to peer 0x564b16855490 (10 bytes)
1671086820.928480 sending message 112 to peer 0x564b16855490 (12 bytes)
1671086820.928485 sending message 112 to peer 0x564b16855490 (13 bytes)
1671086820.928489 sending message 112 to peer 0x564b16855490 (13 bytes)
1671086820.928494 sending message 112 to peer 0x564b16855490 (13 bytes)
1671086820.928499 sending message 112 to peer 0x564b16855490 (13 bytes)
1671086820.928503 sending message 112 to peer 0x564b16855490 (13 bytes)
1671086820.928508 sending message 112 to peer 0x564b16855490 (8 bytes)
1671086820.928513 sending message 112 to peer 0x564b16855490 (11 bytes)
1671086820.928517 sending message 112 to peer 0x564b16855490 (11 bytes)
1671086820.928522 sending message 112 to peer 0x564b16855490 (11 bytes)
1671086820.928526 sending message 112 to peer 0x564b16855490 (12 bytes)
1671086820.928531 sending message 112 to peer 0x564b16855490 (12 bytes)
1671086820.928535 sending message 112 to peer 0x564b16855490 (12 bytes)
1671086820.928540 sending message 112 to peer 0x564b16855490 (12 bytes)
1671086820.928545 sending message 112 to peer 0x564b16855490 (13 bytes)
1671086820.928549 sending message 112 to peer 0x564b16855490 (13 bytes)
1671086820.928554 sending message 112 to peer 0x564b16855490 (13 bytes)
1671086820.928558 sending message 112 to peer 0x564b16855490 (8 bytes)
1671086820.928563 sending message 112 to peer 0x564b16855490 (13 bytes)
1671086820.928568 sending message 112 to peer 0x564b16855490 (13 bytes)
1671086820.928573 sending message 112 to peer 0x564b16855490 (13 bytes)
1671086820.928577 sending message 112 to peer 0x564b16855490 (13 bytes)
1671086820.928582 sending message 112 to peer 0x564b16855490 (13 bytes)
1671086820.928586 sending message 112 to peer 0x564b16855490 (12 bytes)
1671086820.928591 sending message 112 to peer 0x564b16855490 (12 bytes)
1671086820.928595 sending message 112 to peer 0x564b16855490 (12 bytes)
1671086820.928600 sending message 112 to peer 0x564b16855490 (12 bytes)
1671086820.928605 sending message 112 to peer 0x564b16855490 (13 bytes)
1671086820.928609 sending message 112 to peer 0x564b16855490 (8 bytes)
1671086820.928614 sending message 112 to peer 0x564b16855490 (13 bytes)
1671086820.928619 sending message 112 to peer 0x564b16855490 (13 bytes)
1671086820.928624 sending message 112 to peer 0x564b16855490 (13 bytes)
1671086820.928629 sending message 112 to peer 0x564b16855490 (13 bytes)
1671086820.928634 sending message 112 to peer 0x564b16855490 (13 bytes)
1671086820.928638 sending message 112 to peer 0x564b16855490 (13 bytes)
1671086820.928643 sending message 112 to peer 0x564b16855490 (13 bytes)
1671086820.928648 sending message 112 to peer 0x564b16855490 (12 bytes)
1671086820.928652 sending message 112 to peer 0x564b16855490 (12 bytes)
1671086820.928657 sending message 112 to peer 0x564b16855490 (12 bytes)
1671086820.928661 sending message 112 to peer 0x564b16855490 (8 bytes)
1671086820.928666 sending message 112 to peer 0x564b16855490 (12 bytes)
1671086820.928670 sending message 112 to peer 0x564b16855490 (13 bytes)
1671086820.928680 sending message 112 to peer 0x564b16855490 (13 bytes)
1671086820.928685 sending message 112 to peer 0x564b16855490 (13 bytes)
1671086820.928690 sending message 112 to peer 0x564b16855490 (13 bytes)
1671086820.928695 sending message 112 to peer 0x564b16855490 (13 bytes)
1671086820.928699 sending message 112 to peer 0x564b16855490 (13 bytes)
1671086820.928704 sending message 112 to peer 0x564b16855490 (13 bytes)
1671086820.928708 sending message 112 to peer 0x564b16855490 (13 bytes)
1671086820.928713 sending message 112 to peer 0x564b16855490 (12 bytes)
1671086820.928718 sending message 112 to peer 0x564b16855490 (10 bytes)
1671086820.928722 sending message 112 to peer 0x564b16855490 (12 bytes)
1671086820.928727 sending message 112 to peer 0x564b16855490 (12 bytes)
1671086820.928731 sending message 112 to peer 0x564b16855490 (12 bytes)
1671086820.928736 sending message 112 to peer 0x564b16855490 (13 bytes)
1671086820.928740 sending message 112 to peer 0x564b16855490 (13 bytes)
1671086820.928745 sending message 112 to peer 0x564b16855490 (13 bytes)
1671086820.928749 sending message 112 to peer 0x564b16855490 (13 bytes)
1671086820.928754 sending message 112 to peer 0x564b16855490 (13 bytes)
1671086820.928758 sending message 112 to peer 0x564b16855490 (13 bytes)
1671086820.928763 sending message 112 to peer 0x564b16855490 (13 bytes)
1671086820.928767 sending message 112 to peer 0x564b16855490 (10 bytes)
1671086820.928772 sending message 112 to peer 0x564b16855490 (13 bytes)
1671086820.928777 sending message 112 to peer 0x564b16855490 (12 bytes)
1671086820.928781 sending message 112 to peer 0x564b16855490 (12 bytes)
1671086820.928785 sending message 112 to peer 0x564b16855490 (12 bytes)
1671086820.928790 sending message 112 to peer 0x564b16855490 (10 bytes)
1671086820.928794 sending message 112 to peer 0x564b16855490 (10 bytes)
1671086820.928799 sending message 112 to peer 0x564b16855490 (10 bytes)
1671086820.928804 sending message 112 to peer 0x564b16855490 (12 bytes)
1671086820.928808 sending message 112 to peer 0x564b16855490 (13 bytes)
1671086820.928813 sending message 112 to peer 0x564b16855490 (13 bytes)
1671086820.928817 sending message 112 to peer 0x564b16855490 (13 bytes)
1671086820.928822 sending message 112 to peer 0x564b16855490 (13 bytes)
1671086820.928827 sending message 112 to peer 0x564b16855490 (13 bytes)
1671086820.928831 sending message 112 to peer 0x564b16855490 (11 bytes)
1671086820.928836 sending message 112 to peer 0x564b16855490 (11 bytes)
1671086820.928841 sending message 112 to peer 0x564b16855490 (12 bytes)
1671086820.928845 sending message 112 to peer 0x564b16855490 (12 bytes)
1671086820.928850 sending message 112 to peer 0x564b16855490 (12 bytes)
1671086820.928854 sending message 112 to peer 0x564b16855490 (12 bytes)
1671086820.928859 sending message 112 to peer 0x564b16855490 (12 bytes)
1671086820.928864 sending message 112 to peer 0x564b16855490 (11 bytes)
1671086820.928868 sending message 112 to peer 0x564b16855490 (12 bytes)
1671086820.928873 sending message 112 to peer 0x564b16855490 (12 bytes)
1671086820.928877 sending message 112 to peer 0x564b16855490 (13 bytes)
1671086820.928882 sending message 112 to peer 0x564b16855490 (13 bytes)
1671086820.928911 sending message 112 to peer 0x564b16855490 (13 bytes)
1671086820.928920 sending message 112 to peer 0x564b16855490 (13 bytes)
1671086820.928926 sending message 112 to peer 0x564b16855490 (13 bytes)
1671086820.928930 sending message 112 to peer 0x564b16855490 (10 bytes)
1671086820.928935 sending message 112 to peer 0x564b16855490 (9 bytes)
1671086820.928940 sending message 112 to peer 0x564b16855490 (12 bytes)
1671086820.928945 sending message 112 to peer 0x564b16855490 (13 bytes)
1671086820.928949 sending message 112 to peer 0x564b16855490 (13 bytes)
1671086820.928954 sending message 112 to peer 0x564b16855490 (13 bytes)
1671086820.928959 sending message 112 to peer 0x564b16855490 (13 bytes)
1671086820.928963 sending message 112 to peer 0x564b16855490 (13 bytes)
1671086820.928973 sending message 112 to peer 0x564b16855490 (9 bytes)
1671086820.928978 sending message 112 to peer 0x564b16855490 (12 bytes)
1671086820.928982 sending message 112 to peer 0x564b16855490 (13 bytes)
1671086820.928987 sending message 112 to peer 0x564b16855490 (13 bytes)
1671086820.928991 sending message 112 to peer 0x564b16855490 (13 bytes)
1671086820.928996 sending message 112 to peer 0x564b16855490 (13 bytes)
1671086820.929001 sending message 112 to peer 0x564b16855490 (13 bytes)
1671086820.929005 sending message 112 to peer 0x564b16855490 (11 bytes)
1671086820.929010 sending message 112 to peer 0x564b16855490 (12 bytes)
1671086820.929014 sending message 112 to peer 0x564b16855490 (13 bytes)
1671086820.929019 sending message 112 to peer 0x564b16855490 (13 bytes)
1671086820.929024 sending message 112 to peer 0x564b16855490 (13 bytes)
1671086820.929028 sending message 112 to peer 0x564b16855490 (13 bytes)
1671086820.929033 sending message 112 to peer 0x564b16855490 (13 bytes)
1671086820.929038 sending message 112 to peer 0x564b16855490 (11 bytes)
1671086820.929043 sending message 112 to peer 0x564b16855490 (12 bytes)
1671086820.929048 sending message 112 to peer 0x564b16855490 (12 bytes)
1671086820.929053 sending message 112 to peer 0x564b16855490 (12 bytes)
1671086820.929058 sending message 112 to peer 0x564b16855490 (12 bytes)
1671086820.929062 sending message 112 to peer 0x564b16855490 (12 bytes)
1671086820.929067 sending message 112 to peer 0x564b16855490 (21 bytes)
1671086820.929071 sending message 112 to peer 0x564b16855490 (12 bytes)
1671086820.929076 sending message 112 to peer 0x564b16855490 (9 bytes)
1671086820.929081 sending message 112 to peer 0x564b16855490 (6 bytes)
1671086820.929086 sending message 112 to peer 0x564b16855490 (8 bytes)
1671086820.929091 sending message 112 to peer 0x564b16855490 (15 bytes)
1671086820.929095 sending message 112 to peer 0x564b16855490 (13 bytes)
1671086820.929100 sending message 112 to peer 0x564b16855490 (9 bytes)
1671086820.929105 sending message 112 to peer 0x564b16855490 (70 bytes)
1671086820.929110 sending message 112 to peer 0x564b16855490 (69 bytes)
1671086820.929115 sending message 112 to peer 0x564b16855490 (10 bytes)
1671086820.929119 sending message 112 to peer 0x564b16855490 (10 bytes)
1671086820.929124 sending message 112 to peer 0x564b16855490 (8 bytes)
1671086820.929129 sending message 112 to peer 0x564b16855490 (15 bytes)
1671086820.929134 sending message 112 to peer 0x564b16855490 (13 bytes)
1671086820.929138 sending message 112 to peer 0x564b16855490 (10 bytes)
1671086820.929143 sending message 112 to peer 0x564b16855490 (10 bytes)
1671086820.929148 sending message 112 to peer 0x564b16855490 (17 bytes)
1671086820.929153 sending message 112 to peer 0x564b16855490 (10 bytes)
1671086820.929157 sending message 112 to peer 0x564b16855490 (13 bytes)
1671086820.929162 sending message 112 to peer 0x564b16855490 (9 bytes)
1671086820.929167 sending message 112 to peer 0x564b16855490 (5 bytes)
1671086820.929172 sending message 112 to peer 0x564b16855490 (15 bytes)
1671086820.929178 sending message 104 to peer 0x564b16855490 (0 bytes)
1671086820.929184 sending message 110 to peer 0x564b16855490 (0 bytes)
1671086820.929190 sending message 107 to peer 0x564b16855490 (4 bytes)
1671086820.929195 sending message 105 to peer 0x564b16855490 (54 bytes)
1671086820.929200 sending message 105 to peer 0x564b16855490 (11 bytes)
1671086820.929204 sending message 105 to peer 0x564b16855490 (16 bytes)
1671086820.929210 sending message 105 to peer 0x564b16855490 (47 bytes)
1671086820.929215 sending message 105 to peer 0x564b16855490 (23 bytes)
1671086820.929220 sending message 105 to peer 0x564b16855490 (17 bytes)
1671086820.929225 sending message 105 to peer 0x564b16855490 (13 bytes)
1671086820.929229 sending message 105 to peer 0x564b16855490 (26 bytes)
1671086820.929234 sending message 105 to peer 0x564b16855490 (15 bytes)
1671086820.929239 sending message 105 to peer 0x564b16855490 (889 bytes)
1671086820.929245 sending message 105 to peer 0x564b16855490 (28 bytes)
1671086820.929255 sending message 105 to peer 0x564b16855490 (19 bytes)
1671086820.929260 sending message 105 to peer 0x564b16855490 (21 bytes)
1671086820.929264 sending message 105 to peer 0x564b16855490 (19 bytes)
1671086820.929269 sending message 105 to peer 0x564b16855490 (18 bytes)
1671086820.929273 sending message 105 to peer 0x564b16855490 (26 bytes)
1671086820.929278 sending message 105 to peer 0x564b16855490 (34 bytes)
1671086820.929284 sending message 105 to peer 0x564b16855490 (13 bytes)
1671086820.929289 sending message 105 to peer 0x564b16855490 (58 bytes)
1671086820.929294 sending message 105 to peer 0x564b16855490 (10 bytes)
1671086820.929298 sending message 105 to peer 0x564b16855490 (31 bytes)
1671086820.929303 sending message 105 to peer 0x564b16855490 (8 bytes)
1671086820.929308 sending message 105 to peer 0x564b16855490 (31 bytes)
1671086820.929313 sending message 105 to peer 0x564b16855490 (12 bytes)
1671086820.929318 sending message 105 to peer 0x564b16855490 (50 bytes)
1671086820.929322 sending message 105 to peer 0x564b16855490 (11 bytes)
1671086820.929327 sending message 105 to peer 0x564b16855490 (8 bytes)
1671086820.929332 sending message 105 to peer 0x564b16855490 (32 bytes)
1671086820.929338 sending message 105 to peer 0x564b16855490 (1764 bytes)
1671086820.929352 sending message 105 to peer 0x564b16855490 (13 bytes)
1671086820.929357 sending message 105 to peer 0x564b16855490 (20 bytes)
1671086820.929362 sending message 105 to peer 0x564b16855490 (13 bytes)
1671086820.929367 sending message 105 to peer 0x564b16855490 (14 bytes)
1671086820.929371 sending message 105 to peer 0x564b16855490 (36 bytes)
1671086820.929376 sending message 105 to peer 0x564b16855490 (67 bytes)
1671086820.929381 sending message 105 to peer 0x564b16855490 (37 bytes)
1671086820.929402 sending message 105 to peer 0x564b16855490 (41 bytes)
1671086820.929406 sending message 105 to peer 0x564b16855490 (40 bytes)
1671086820.929411 sending message 105 to peer 0x564b16855490 (29 bytes)
1671086820.929416 sending message 105 to peer 0x564b16855490 (16 bytes)
1671086820.929421 sending message 105 to peer 0x564b16855490 (19 bytes)
1671086820.929425 sending message 105 to peer 0x564b16855490 (38 bytes)
1671086820.929430 sending message 105 to peer 0x564b16855490 (16 bytes)
1671086820.929435 sending message 106 to peer 0x564b16855490 (0 bytes)
1671086820.929523 sending message 200 to peer 0x564b16855490 (4 bytes)
1671086820.929530 client loop enter
1671086820.931038 peer 0x564b16855490 message 303
1671086820.931048 open write file 2 -
1671086820.931053 sending message 305 to peer 0x564b16855490 (8 bytes)
1671086820.931061 write check file 2
1671086820.931298 peer 0x564b16855490 message 304
1671086820.931304 write 58 to file 2
1671086820.931307 peer 0x564b16855490 message 203
1671086820.931309 file 2 58 bytes left
1671086820.931318 write check file 2
1671086820.931319 client loop exit
